#
# There is insufficient memory for the Java Runtime Environment to continue.
# Native memory allocation (malloc) failed to allocate 476800 bytes. Error detail: Chunk::new
# Possible reasons:
#   The system is out of physical RAM or swap space
#   This process is running with CompressedOops enabled, and the Java Heap may be blocking the growth of the native heap
# Possible solutions:
#   Reduce memory load on the system
#   Increase physical memory or swap space
#   Check if swap backing store is full
#   Decrease Java heap size (-Xmx/-Xms)
#   Decrease number of Java threads
#   Decrease Java thread stack sizes (-Xss)
#   Set larger code cache with -XX:ReservedCodeCacheSize=
#   JVM is running with Unscaled Compressed Oops mode in which the Java heap is
#     placed in the first 4GB address space. The Java Heap base address is the
#     maximum limit for the native heap growth. Please use -XX:HeapBaseMinAddress
#     to set the Java Heap base and to place the Java Heap above 4GB virtual address.
# This output file may be truncated or incomplete.
#
#  Out of Memory Error (arena.cpp:191), pid=31740, tid=9144
#
# JRE version: OpenJDK Runtime Environment Temurin-17.0.11+9 (17.0.11+9) (build 17.0.11+9)
# Java VM: OpenJDK 64-Bit Server VM Temurin-17.0.11+9 (17.0.11+9, mixed mode, tiered, compressed oops, compressed class ptrs, g1 gc, windows-amd64)
# No core dump will be written. Minidumps are not enabled by default on client versions of Windows
#

---------------  S U M M A R Y ------------

Command Line: -ea -Dfile.encoding=UTF-8 -Dstdout.encoding=UTF-8 -Dstderr.encoding=UTF-8 -XX:+ShowCodeDetailsInExceptionMessages org.testng.remote.RemoteTestNG -serport 55042 -protocol json -d C:\Users\ishan\eclipse-workspace\Grotechminds\JavaTestNg\test-output C:\Users\ishan\eclipse-workspace\Grotechminds\JavaTestNg\amazon parallel browsing.xml

Host: Intel(R) Core(TM) i5-10210U CPU @ 1.60GHz, 8 cores, 7G,  Windows 11 , 64 bit Build 22621 (10.0.22621.3527)
Time: Thu Jun 20 17:23:50 2024 India Standard Time elapsed time: 850.967881 seconds (0d 0h 14m 10s)

---------------  T H R E A D  ---------------

Current thread (0x00000181fab61bb0):  JavaThread "C2 CompilerThread0" daemon [_thread_in_native, id=9144, stack(0x0000005e10a00000,0x0000005e10b00000)]


Current CompileTask:
C2: 850967 5487       4       org.testng.reporters.XMLUtils::escape (133 bytes)

Stack: [0x0000005e10a00000,0x0000005e10b00000]
Native frames: (J=compiled Java code, j=interpreted, Vv=VM code, C=native code)
V  [jvm.dll+0x67d429]
V  [jvm.dll+0x834b7a]
V  [jvm.dll+0x83663e]
V  [jvm.dll+0x836ca3]
V  [jvm.dll+0x247dbf]
V  [jvm.dll+0xac534]
V  [jvm.dll+0xacb7c]
V  [jvm.dll+0x366647]
V  [jvm.dll+0x330bba]
V  [jvm.dll+0x33005a]
V  [jvm.dll+0x21a471]
V  [jvm.dll+0x2198b1]
V  [jvm.dll+0x1a534d]
V  [jvm.dll+0x2295cd]
V  [jvm.dll+0x22779c]
V  [jvm.dll+0x7e9d07]
V  [jvm.dll+0x7e410a]
V  [jvm.dll+0x67c315]
C  [ucrtbase.dll+0x29333]
C  [KERNEL32.DLL+0x1257d]
C  [ntdll.dll+0x5aa48]


---------------  P R O C E S S  ---------------

Threads class SMR info:
_java_thread_list=0x00000181fac1faf0, length=173, elements={
0x00000181efbee360, 0x00000181fab08a90, 0x00000181fab09910, 0x00000181fab50aa0,
0x00000181fab53570, 0x00000181fab54f40, 0x00000181fab55900, 0x00000181fab61bb0,
0x00000181fab64670, 0x00000181fab67080, 0x00000181fad12140, 0x00000181fad1b6c0,
0x00000181ff3e66c0, 0x000001818f0a3c20, 0x00000181ff8f0a50, 0x000001818f071070,
0x000001818f071a90, 0x000001818f0724b0, 0x000001818f0729c0, 0x000001818f072ed0,
0x000001818f0738f0, 0x000001818f074820, 0x000001818f9b74d0, 0x000001818f9b2df0,
0x000001818f9b6090, 0x000001818f9b3810, 0x000001818f9b0f90, 0x000001818f9b3300,
0x000001818f9b5670, 0x000001818f9b0060, 0x000001818f2e2720, 0x000001818f2e4a90,
0x000001818f2dd620, 0x00000181fad9ab00, 0x00000181fad97860, 0x00000181fad97d70,
0x00000181fad98790, 0x00000181fad954f0, 0x00000181fad99bd0, 0x00000181fad9b010,
0x00000181fad9a5f0, 0x000001818f2df990, 0x000001818f2e2c30, 0x000001818f2e3140,
0x000001818f2dfea0, 0x000001818f2e3650, 0x00000181fad9b520, 0x000001818f9b0a80,
0x000001818f9b19b0, 0x000001818f9b23d0, 0x000001818f9b5b80, 0x000001818f2df480,
0x00000181fad95a00, 0x00000181fae16320, 0x00000181fae11730, 0x00000181fae12150,
0x00000181fae15e10, 0x00000181fae11c40, 0x00000181fae16830, 0x00000181fae15900,
0x00000181fae13080, 0x00000181fae12b70, 0x00000181fad9c450, 0x000001818f2de550,
0x000001818f2e4fa0, 0x000001818f2e03b0, 0x000001818f2e08c0, 0x000001818f2e2210,
0x000001818f9b6fc0, 0x000001818f9b5160, 0x000001818f9b3d20, 0x000001818f9b65a0,
0x000001818f9b0570, 0x00000181fad98ca0, 0x00000181fad9c960, 0x00000181fad95f10,
0x00000181fae153f0, 0x00000181fae16d40, 0x000001818f2e4070, 0x000001818f2e12e0,
0x000001818f2dea60, 0x000001818f2def70, 0x000001818f9b14a0, 0x000001818f9b4740,
0x000001818f9b4230, 0x00000181fae10800, 0x00000181fae10d10, 0x00000181fae149d0,
0x00000181fad96e40, 0x000001818f9b1ec0, 0x00000181fad9ba30, 0x00000181fad96420,
0x00000181fad94fe0, 0x00000181fae13fb0, 0x00000181fae12660, 0x00000181fae17c70,
0x000001818f2e0dd0, 0x000001818f2e4580, 0x000001818f9b79e0, 0x00000181fac155f0,
0x00000181fac1a6f0, 0x00000181fac1a1e0, 0x00000181fac18380, 0x00000181fac1ac00,
0x00000181fac16a30, 0x000001818f2ddb30, 0x00000181fac18da0, 0x00000181fac197c0,
0x00000181fac16520, 0x000001818f9b4c50, 0x00000181fae13aa0, 0x00000181fac16f40,
0x00000181fad98280, 0x00000181fac141b0, 0x00000181fac17960, 0x00000181fac18890,
0x00000181fac192b0, 0x00000181fae17250, 0x00000181fae14ee0, 0x00000181fae17760,
0x00000181fad97350, 0x00000181fad996c0, 0x000001818f9b6ab0, 0x000001818f9b28e0,
0x00000181fac150e0, 0x00000181fac1b110, 0x00000181ff29fd10, 0x00000181ff29f800,
0x00000181ff2a0220, 0x00000181ff2a0730, 0x00000181ff2a0c40, 0x00000181ff2a2080,
0x000001818f35c2b0, 0x000001818f357bd0, 0x000001818f358b00, 0x000001818f35bda0,
0x000001818f359520, 0x000001818f3580e0, 0x000001818f356ca0, 0x000001818f35c7c0,
0x000001818f35d1e0, 0x00000181fac146c0, 0x00000181fae11220, 0x00000181fac13790,
0x00000181fac17450, 0x000001818f735400, 0x000001818f7335a0, 0x000001818f731c50,
0x000001818f72f3d0, 0x000001818f733ab0, 0x000001818f7349e0, 0x000001818f72f8e0,
0x000001818f734ef0, 0x000001818f735e20, 0x000001818f732160, 0x000001818f732670,
0x000001818f7344d0, 0x000001818f735910, 0x000001818f730d20, 0x000001818f730810,
0x000001818f732b80, 0x000001818f733090, 0x000001818f736840, 0x000001818f733fc0,
0x000001818f736d50, 0x000001818f731230, 0x000001818f72fdf0, 0x000001818f730300,
0x000001818f731740, 0x000001818f736330, 0x000001818f359a30, 0x000001818f355d70,
0x000001818f35d6f0
}

Java Threads: ( => current thread )
  0x00000181efbee360 JavaThread "main" [_thread_in_native, id=26908, stack(0x0000005e0fd00000,0x0000005e0fe00000)]
  0x00000181fab08a90 JavaThread "Reference Handler" daemon [_thread_blocked, id=5508, stack(0x0000005e10400000,0x0000005e10500000)]
  0x00000181fab09910 JavaThread "Finalizer" daemon [_thread_blocked, id=18852, stack(0x0000005e10500000,0x0000005e10600000)]
  0x00000181fab50aa0 JavaThread "Signal Dispatcher" daemon [_thread_blocked, id=25152, stack(0x0000005e10600000,0x0000005e10700000)]
  0x00000181fab53570 JavaThread "Attach Listener" daemon [_thread_blocked, id=30640, stack(0x0000005e10700000,0x0000005e10800000)]
  0x00000181fab54f40 JavaThread "Service Thread" daemon [_thread_blocked, id=21384, stack(0x0000005e10800000,0x0000005e10900000)]
  0x00000181fab55900 JavaThread "Monitor Deflation Thread" daemon [_thread_blocked, id=34076, stack(0x0000005e10900000,0x0000005e10a00000)]
=>0x00000181fab61bb0 JavaThread "C2 CompilerThread0" daemon [_thread_in_native, id=9144, stack(0x0000005e10a00000,0x0000005e10b00000)]
  0x00000181fab64670 JavaThread "C1 CompilerThread0" daemon [_thread_blocked, id=37628, stack(0x0000005e10b00000,0x0000005e10c00000)]
  0x00000181fab67080 JavaThread "Sweeper thread" daemon [_thread_blocked, id=20768, stack(0x0000005e10c00000,0x0000005e10d00000)]
  0x00000181fad12140 JavaThread "Notification Thread" daemon [_thread_blocked, id=11900, stack(0x0000005e10d00000,0x0000005e10e00000)]
  0x00000181fad1b6c0 JavaThread "Common-Cleaner" daemon [_thread_blocked, id=39280, stack(0x0000005e10f00000,0x0000005e11000000)]
  0x00000181ff3e66c0 JavaThread "ReaderThread" [_thread_in_native, id=17680, stack(0x0000005e11200000,0x0000005e11300000)]
  0x000001818f0a3c20 JavaThread "ForkJoinPool.commonPool-worker-2" daemon [_thread_blocked, id=40140, stack(0x0000005e11400000,0x0000005e11500000)]
  0x00000181ff8f0a50 JavaThread "ForkJoinPool.commonPool-worker-5" daemon [_thread_blocked, id=1076, stack(0x0000005e11700000,0x0000005e11800000)]
  0x000001818f071070 JavaThread "ForkJoinPool.commonPool-worker-7" daemon [_thread_blocked, id=23236, stack(0x0000005e11900000,0x0000005e11a00000)]
  0x000001818f071a90 JavaThread "HttpClient-3-SelectorManager" daemon [_thread_in_native, id=24360, stack(0x0000005e12600000,0x0000005e12700000)]
  0x000001818f0724b0 JavaThread "HttpClient-2-SelectorManager" daemon [_thread_in_native, id=12660, stack(0x0000005e12700000,0x0000005e12800000)]
  0x000001818f0729c0 JavaThread "HttpClient-1-SelectorManager" daemon [_thread_in_native, id=11920, stack(0x0000005e12800000,0x0000005e12900000)]
  0x000001818f072ed0 JavaThread "External Process Output Forwarder - C:\Users\ishan\.cache\selenium\chromedriver\win64\126.0.6478.62\chromedriver.exe" daemon [_thread_in_native, id=23296, stack(0x0000005e12900000,0x0000005e12a00000)]
  0x000001818f0738f0 JavaThread "Driver Service Executor" daemon [_thread_blocked, id=17436, stack(0x0000005e12a00000,0x0000005e12b00000)]
  0x000001818f074820 JavaThread "Driver Service Executor" daemon [_thread_blocked, id=25708, stack(0x0000005e12000000,0x0000005e12100000)]
  0x000001818f9b74d0 JavaThread "External Process Output Forwarder - C:\Users\ishan\.cache\selenium\msedgedriver\win64\126.0.2592.61\msedgedriver.exe" daemon [_thread_in_native, id=35420, stack(0x0000005e12c00000,0x0000005e12d00000)]
  0x000001818f9b2df0 JavaThread "Driver Service Executor" daemon [_thread_blocked, id=26528, stack(0x0000005e12d00000,0x0000005e12e00000)]
  0x000001818f9b6090 JavaThread "Driver Service Executor" daemon [_thread_blocked, id=34240, stack(0x0000005e12e00000,0x0000005e12f00000)]
  0x000001818f9b3810 JavaThread "External Process Output Forwarder - C:\Users\ishan\.cache\selenium\geckodriver\win64\0.34.0\geckodriver.exe" daemon [_thread_in_native, id=15020, stack(0x0000005e13000000,0x0000005e13100000)]
  0x000001818f9b0f90 JavaThread "Driver Service Executor" daemon [_thread_blocked, id=28864, stack(0x0000005e13100000,0x0000005e13200000)]
  0x000001818f9b3300 JavaThread "Driver Service Executor" daemon [_thread_blocked, id=7744, stack(0x0000005e13200000,0x0000005e13300000)]
  0x000001818f9b5670 JavaThread "HttpClient-4-SelectorManager" daemon [_thread_in_native, id=5592, stack(0x0000005e13c00000,0x0000005e13d00000)]
  0x000001818f9b0060 JavaThread "HttpClient-5-SelectorManager" daemon [_thread_in_native, id=15156, stack(0x0000005e14000000,0x0000005e14100000)]
  0x000001818f2e2720 JavaThread "HttpClient-7-SelectorManager" daemon [_thread_in_native, id=44812, stack(0x0000005e14400000,0x0000005e14500000)]
  0x000001818f2e4a90 JavaThread "HttpClient-10-SelectorManager" daemon [_thread_in_native, id=41348, stack(0x0000005e15800000,0x0000005e15900000)]
  0x000001818f2dd620 JavaThread "HttpClient-11-SelectorManager" daemon [_thread_in_native, id=23292, stack(0x0000005e15a00000,0x0000005e15b00000)]
  0x00000181fad9ab00 JavaThread "HttpClient-12-SelectorManager" daemon [_thread_in_native, id=21096, stack(0x0000005e14f00000,0x0000005e15000000)]
  0x00000181fad97860 JavaThread "External Process Output Forwarder - C:\Users\ishan\.cache\selenium\chromedriver\win64\126.0.6478.62\chromedriver.exe" daemon [_thread_in_native, id=15120, stack(0x0000005e14a00000,0x0000005e14b00000)]
  0x00000181fad97d70 JavaThread "Driver Service Executor" daemon [_thread_blocked, id=22940, stack(0x0000005e14c00000,0x0000005e14d00000)]
  0x00000181fad98790 JavaThread "Driver Service Executor" daemon [_thread_blocked, id=1004, stack(0x0000005e14d00000,0x0000005e14e00000)]
  0x00000181fad954f0 JavaThread "External Process Output Forwarder - C:\Users\ishan\.cache\selenium\geckodriver\win64\0.34.0\geckodriver.exe" daemon [_thread_in_native, id=31748, stack(0x0000005e15600000,0x0000005e15700000)]
  0x00000181fad99bd0 JavaThread "Driver Service Executor" daemon [_thread_blocked, id=18792, stack(0x0000005e15700000,0x0000005e15800000)]
  0x00000181fad9b010 JavaThread "Driver Service Executor" daemon [_thread_blocked, id=3036, stack(0x0000005e15900000,0x0000005e15a00000)]
  0x00000181fad9a5f0 JavaThread "HttpClient-15-SelectorManager" daemon [_thread_in_native, id=12580, stack(0x0000005e15e00000,0x0000005e15f00000)]
  0x000001818f2df990 JavaThread "HttpClient-16-SelectorManager" daemon [_thread_in_native, id=6516, stack(0x0000005e14b00000,0x0000005e14c00000)]
  0x000001818f2e2c30 JavaThread "External Process Output Forwarder - C:\Users\ishan\.cache\selenium\msedgedriver\win64\126.0.2592.61\msedgedriver.exe" daemon [_thread_in_native, id=31156, stack(0x0000005e14700000,0x0000005e14800000)]
  0x000001818f2e3140 JavaThread "Driver Service Executor" daemon [_thread_blocked, id=3028, stack(0x0000005e14800000,0x0000005e14900000)]
  0x000001818f2dfea0 JavaThread "Driver Service Executor" daemon [_thread_blocked, id=28500, stack(0x0000005e15000000,0x0000005e15100000)]
  0x000001818f2e3650 JavaThread "HttpClient-19-SelectorManager" daemon [_thread_in_native, id=25772, stack(0x0000005e15100000,0x0000005e15200000)]
  0x00000181fad9b520 JavaThread "HttpClient-22-SelectorManager" daemon [_thread_in_native, id=34380, stack(0x0000005e13600000,0x0000005e13700000)]
  0x000001818f9b0a80 JavaThread "HttpClient-24-SelectorManager" daemon [_thread_in_native, id=41788, stack(0x0000005e0fc00000,0x0000005e0fd00000)]
  0x000001818f9b19b0 JavaThread "External Process Output Forwarder - C:\Users\ishan\.cache\selenium\chromedriver\win64\126.0.6478.62\chromedriver.exe" daemon [_thread_in_native, id=34520, stack(0x0000005e13f00000,0x0000005e14000000)]
  0x000001818f9b23d0 JavaThread "Driver Service Executor" daemon [_thread_blocked, id=36872, stack(0x0000005e14100000,0x0000005e14200000)]
  0x000001818f9b5b80 JavaThread "Driver Service Executor" daemon [_thread_blocked, id=15236, stack(0x0000005e14200000,0x0000005e14300000)]
  0x000001818f2df480 JavaThread "HttpClient-25-SelectorManager" daemon [_thread_in_native, id=31712, stack(0x0000005e13900000,0x0000005e13a00000)]
  0x00000181fad95a00 JavaThread "HttpClient-27-SelectorManager" daemon [_thread_in_native, id=1216, stack(0x0000005e13a00000,0x0000005e13b00000)]
  0x00000181fae16320 JavaThread "HttpClient-29-SelectorManager" daemon [_thread_in_native, id=42460, stack(0x0000005e13500000,0x0000005e13600000)]
  0x00000181fae11730 JavaThread "External Process Output Forwarder - C:\Users\ishan\.cache\selenium\msedgedriver\win64\126.0.2592.61\msedgedriver.exe" daemon [_thread_in_native, id=6460, stack(0x0000005e13700000,0x0000005e13800000)]
  0x00000181fae12150 JavaThread "Driver Service Executor" daemon [_thread_blocked, id=19048, stack(0x0000005e13d00000,0x0000005e13e00000)]
  0x00000181fae15e10 JavaThread "Driver Service Executor" daemon [_thread_blocked, id=41936, stack(0x0000005e13e00000,0x0000005e13f00000)]
  0x00000181fae11c40 JavaThread "HttpClient-30-SelectorManager" daemon [_thread_in_native, id=38628, stack(0x0000005e13b00000,0x0000005e13c00000)]
  0x00000181fae16830 JavaThread "External Process Output Forwarder - C:\Users\ishan\.cache\selenium\geckodriver\win64\0.34.0\geckodriver.exe" daemon [_thread_in_native, id=33968, stack(0x0000005e14300000,0x0000005e14400000)]
  0x00000181fae15900 JavaThread "Driver Service Executor" daemon [_thread_blocked, id=16500, stack(0x0000005e16800000,0x0000005e16900000)]
  0x00000181fae13080 JavaThread "Driver Service Executor" daemon [_thread_blocked, id=37756, stack(0x0000005e16900000,0x0000005e16a00000)]
  0x00000181fae12b70 JavaThread "HttpClient-31-SelectorManager" daemon [_thread_in_native, id=22256, stack(0x0000005e11000000,0x0000005e11100000)]
  0x00000181fad9c450 JavaThread "HttpClient-35-SelectorManager" daemon [_thread_in_native, id=18588, stack(0x0000005e12b00000,0x0000005e12c00000)]
  0x000001818f2de550 JavaThread "HttpClient-38-SelectorManager" daemon [_thread_in_native, id=19212, stack(0x0000005e16400000,0x0000005e16500000)]
  0x000001818f2e4fa0 JavaThread "HttpClient-39-SelectorManager" daemon [_thread_in_native, id=26324, stack(0x0000005e16600000,0x0000005e16700000)]
  0x000001818f2e03b0 JavaThread "External Process Output Forwarder - C:\Users\ishan\.cache\selenium\chromedriver\win64\126.0.6478.62\chromedriver.exe" daemon [_thread_in_native, id=4952, stack(0x0000005e15200000,0x0000005e15300000)]
  0x000001818f2e08c0 JavaThread "Driver Service Executor" daemon [_thread_blocked, id=22708, stack(0x0000005e15300000,0x0000005e15400000)]
  0x000001818f2e2210 JavaThread "Driver Service Executor" daemon [_thread_blocked, id=35608, stack(0x0000005e15400000,0x0000005e15500000)]
  0x000001818f9b6fc0 JavaThread "HttpClient-41-SelectorManager" daemon [_thread_in_native, id=40632, stack(0x0000005e13800000,0x0000005e13900000)]
  0x000001818f9b5160 JavaThread "External Process Output Forwarder - C:\Users\ishan\.cache\selenium\geckodriver\win64\0.34.0\geckodriver.exe" daemon [_thread_in_native, id=10232, stack(0x0000005e14500000,0x0000005e14600000)]
  0x000001818f9b3d20 JavaThread "Driver Service Executor" daemon [_thread_blocked, id=15072, stack(0x0000005e14e00000,0x0000005e14f00000)]
  0x000001818f9b65a0 JavaThread "Driver Service Executor" daemon [_thread_blocked, id=20336, stack(0x0000005e15b00000,0x0000005e15c00000)]
  0x000001818f9b0570 JavaThread "HttpClient-42-SelectorManager" daemon [_thread_in_native, id=35892, stack(0x0000005e17000000,0x0000005e17100000)]
  0x00000181fad98ca0 JavaThread "HttpClient-43-SelectorManager" daemon [_thread_in_native, id=24768, stack(0x0000005e14900000,0x0000005e14a00000)]
  0x00000181fad9c960 JavaThread "Driver Service Executor" daemon [_thread_blocked, id=34040, stack(0x0000005e16000000,0x0000005e16100000)]
  0x00000181fad95f10 JavaThread "Driver Service Executor" daemon [_thread_blocked, id=41896, stack(0x0000005e16700000,0x0000005e16800000)]
  0x00000181fae153f0 JavaThread "HttpClient-45-SelectorManager" daemon [_thread_in_native, id=14204, stack(0x0000005e17600000,0x0000005e17700000)]
  0x00000181fae16d40 JavaThread "HttpClient-47-SelectorManager" daemon [_thread_in_native, id=22352, stack(0x0000005e17200000,0x0000005e17300000)]
  0x000001818f2e4070 JavaThread "External Process Output Forwarder - C:\Users\ishan\.cache\selenium\chromedriver\win64\126.0.6478.62\chromedriver.exe" daemon [_thread_in_native, id=17112, stack(0x0000005e16b00000,0x0000005e16c00000)]
  0x000001818f2e12e0 JavaThread "Driver Service Executor" daemon [_thread_blocked, id=22620, stack(0x0000005e16c00000,0x0000005e16d00000)]
  0x000001818f2dea60 JavaThread "Driver Service Executor" daemon [_thread_blocked, id=22004, stack(0x0000005e16d00000,0x0000005e16e00000)]
  0x000001818f2def70 JavaThread "HttpClient-49-SelectorManager" daemon [_thread_in_native, id=25108, stack(0x0000005e17500000,0x0000005e17600000)]
  0x000001818f9b14a0 JavaThread "HttpClient-51-SelectorManager" daemon [_thread_in_native, id=26736, stack(0x0000005e17e00000,0x0000005e17f00000)]
  0x000001818f9b4740 JavaThread "HttpClient-52-SelectorManager" daemon [_thread_in_native, id=7784, stack(0x0000005e16300000,0x0000005e16400000)]
  0x000001818f9b4230 JavaThread "External Process Output Forwarder - C:\Users\ishan\.cache\selenium\chromedriver\win64\126.0.6478.62\chromedriver.exe" daemon [_thread_in_native, id=19404, stack(0x0000005e17100000,0x0000005e17200000)]
  0x00000181fae10800 JavaThread "Driver Service Executor" daemon [_thread_blocked, id=24380, stack(0x0000005e17700000,0x0000005e17800000)]
  0x00000181fae10d10 JavaThread "Driver Service Executor" daemon [_thread_blocked, id=17424, stack(0x0000005e17800000,0x0000005e17900000)]
  0x00000181fae149d0 JavaThread "HttpClient-53-SelectorManager" daemon [_thread_in_native, id=13604, stack(0x0000005e15500000,0x0000005e15600000)]
  0x00000181fad96e40 JavaThread "HttpClient-54-SelectorManager" daemon [_thread_in_native, id=30676, stack(0x0000005e13400000,0x0000005e13500000)]
  0x000001818f9b1ec0 JavaThread "HttpClient-55-SelectorManager" daemon [_thread_in_native, id=42824, stack(0x0000005e0fb00000,0x0000005e0fc00000)]
  0x00000181fad9ba30 JavaThread "External Process Output Forwarder - C:\Users\ishan\.cache\selenium\chromedriver\win64\126.0.6478.62\chromedriver.exe" daemon [_thread_in_native, id=36668, stack(0x0000005e13300000,0x0000005e13400000)]
  0x00000181fad96420 JavaThread "Driver Service Executor" daemon [_thread_blocked, id=22028, stack(0x0000005e14600000,0x0000005e14700000)]
  0x00000181fad94fe0 JavaThread "Driver Service Executor" daemon [_thread_blocked, id=6728, stack(0x0000005e15c00000,0x0000005e15d00000)]
  0x00000181fae13fb0 JavaThread "HttpClient-57-SelectorManager" daemon [_thread_in_native, id=17624, stack(0x0000005e16500000,0x0000005e16600000)]
  0x00000181fae12660 JavaThread "HttpClient-59-SelectorManager" daemon [_thread_in_native, id=15564, stack(0x0000005e18200000,0x0000005e18300000)]
  0x00000181fae17c70 JavaThread "External Process Output Forwarder - C:\Users\ishan\.cache\selenium\chromedriver\win64\126.0.6478.62\chromedriver.exe" daemon [_thread_in_native, id=18408, stack(0x0000005e17c00000,0x0000005e17d00000)]
  0x000001818f2e0dd0 JavaThread "Driver Service Executor" daemon [_thread_blocked, id=11444, stack(0x0000005e17d00000,0x0000005e17e00000)]
  0x000001818f2e4580 JavaThread "Driver Service Executor" daemon [_thread_blocked, id=36732, stack(0x0000005e18000000,0x0000005e18100000)]
  0x000001818f9b79e0 JavaThread "HttpClient-61-SelectorManager" daemon [_thread_in_native, id=22344, stack(0x0000005e18a00000,0x0000005e18b00000)]
  0x00000181fac155f0 JavaThread "HttpClient-63-SelectorManager" daemon [_thread_in_native, id=34772, stack(0x0000005e19100000,0x0000005e19200000)]
  0x00000181fac1a6f0 JavaThread "External Process Output Forwarder - C:\Users\ishan\.cache\selenium\chromedriver\win64\126.0.6478.62\chromedriver.exe" daemon [_thread_in_native, id=24628, stack(0x0000005e17f00000,0x0000005e18000000)]
  0x00000181fac1a1e0 JavaThread "Driver Service Executor" daemon [_thread_blocked, id=25900, stack(0x0000005e18300000,0x0000005e18400000)]
  0x00000181fac18380 JavaThread "Driver Service Executor" daemon [_thread_blocked, id=44456, stack(0x0000005e18f00000,0x0000005e19000000)]
  0x00000181fac1ac00 JavaThread "HttpClient-65-SelectorManager" daemon [_thread_in_native, id=10336, stack(0x0000005e18e00000,0x0000005e18f00000)]
  0x00000181fac16a30 JavaThread "HttpClient-67-SelectorManager" daemon [_thread_in_native, id=32744, stack(0x0000005e17a00000,0x0000005e17b00000)]
  0x000001818f2ddb30 JavaThread "External Process Output Forwarder - C:\Users\ishan\.cache\selenium\chromedriver\win64\126.0.6478.62\chromedriver.exe" daemon [_thread_in_native, id=8480, stack(0x0000005e18600000,0x0000005e18700000)]
  0x00000181fac18da0 JavaThread "Driver Service Executor" daemon [_thread_blocked, id=27920, stack(0x0000005e18700000,0x0000005e18800000)]
  0x00000181fac197c0 JavaThread "Driver Service Executor" daemon [_thread_blocked, id=12588, stack(0x0000005e19700000,0x0000005e19800000)]
  0x00000181fac16520 JavaThread "HttpClient-69-SelectorManager" daemon [_thread_in_native, id=16800, stack(0x0000005e0fa00000,0x0000005e0fb00000)]
  0x000001818f9b4c50 JavaThread "HttpClient-72-SelectorManager" daemon [_thread_in_native, id=41916, stack(0x0000005e16a00000,0x0000005e16b00000)]
  0x00000181fae13aa0 JavaThread "HttpClient-73-SelectorManager" daemon [_thread_in_native, id=22512, stack(0x0000005e18900000,0x0000005e18a00000)]
  0x00000181fac16f40 JavaThread "HttpClient-74-SelectorManager" daemon [_thread_in_native, id=20276, stack(0x0000005e19b00000,0x0000005e19c00000)]
  0x00000181fad98280 JavaThread "HttpClient-75-SelectorManager" daemon [_thread_in_native, id=41888, stack(0x0000005e19c00000,0x0000005e19d00000)]
  0x00000181fac141b0 JavaThread "HttpClient-76-SelectorManager" daemon [_thread_in_native, id=32068, stack(0x0000005e19000000,0x0000005e19100000)]
  0x00000181fac17960 JavaThread "External Process Output Forwarder - C:\Users\ishan\.cache\selenium\geckodriver\win64\0.34.0\geckodriver.exe" daemon [_thread_in_native, id=26152, stack(0x0000005e17400000,0x0000005e17500000)]
  0x00000181fac18890 JavaThread "Driver Service Executor" daemon [_thread_blocked, id=28984, stack(0x0000005e17900000,0x0000005e17a00000)]
  0x00000181fac192b0 JavaThread "Driver Service Executor" daemon [_thread_blocked, id=19092, stack(0x0000005e18100000,0x0000005e18200000)]
  0x00000181fae17250 JavaThread "External Process Output Forwarder - C:\Users\ishan\.cache\selenium\msedgedriver\win64\126.0.2592.61\msedgedriver.exe" daemon [_thread_in_native, id=10132, stack(0x0000005e18c00000,0x0000005e18d00000)]
  0x00000181fae14ee0 JavaThread "Driver Service Executor" daemon [_thread_blocked, id=22624, stack(0x0000005e18d00000,0x0000005e18e00000)]
  0x00000181fae17760 JavaThread "Driver Service Executor" daemon [_thread_blocked, id=37832, stack(0x0000005e19200000,0x0000005e19300000)]
  0x00000181fad97350 JavaThread "HttpClient-79-SelectorManager" daemon [_thread_in_native, id=38444, stack(0x0000005e19500000,0x0000005e19600000)]
  0x00000181fad996c0 JavaThread "HttpClient-83-SelectorManager" daemon [_thread_in_native, id=14936, stack(0x0000005e19300000,0x0000005e19400000)]
  0x000001818f9b6ab0 JavaThread "HttpClient-84-SelectorManager" daemon [_thread_in_native, id=45880, stack(0x0000005e16200000,0x0000005e16300000)]
  0x000001818f9b28e0 JavaThread "External Process Output Forwarder - C:\Users\ishan\.cache\selenium\geckodriver\win64\0.34.0\geckodriver.exe" daemon [_thread_in_native, id=43860, stack(0x0000005e16e00000,0x0000005e16f00000)]
  0x00000181fac150e0 JavaThread "Driver Service Executor" daemon [_thread_blocked, id=16480, stack(0x0000005e17b00000,0x0000005e17c00000)]
  0x00000181fac1b110 JavaThread "Driver Service Executor" daemon [_thread_blocked, id=44232, stack(0x0000005e18800000,0x0000005e18900000)]
  0x00000181ff29fd10 JavaThread "HttpClient-87-SelectorManager" daemon [_thread_in_native, id=44288, stack(0x0000005e1a400000,0x0000005e1a500000)]
  0x00000181ff29f800 JavaThread "HttpClient-88-SelectorManager" daemon [_thread_in_native, id=31124, stack(0x0000005e19d00000,0x0000005e19e00000)]
  0x00000181ff2a0220 JavaThread "External Process Output Forwarder - C:\Users\ishan\.cache\selenium\msedgedriver\win64\126.0.2592.61\msedgedriver.exe" daemon [_thread_in_native, id=28128, stack(0x0000005e19e00000,0x0000005e19f00000)]
  0x00000181ff2a0730 JavaThread "Driver Service Executor" daemon [_thread_blocked, id=12684, stack(0x0000005e19f00000,0x0000005e1a000000)]
  0x00000181ff2a0c40 JavaThread "Driver Service Executor" daemon [_thread_blocked, id=45684, stack(0x0000005e1a200000,0x0000005e1a300000)]
  0x00000181ff2a2080 JavaThread "HttpClient-89-SelectorManager" daemon [_thread_in_native, id=45376, stack(0x0000005e1a700000,0x0000005e1a800000)]
  0x000001818f35c2b0 JavaThread "HttpClient-92-SelectorManager" daemon [_thread_in_native, id=47396, stack(0x0000005e18500000,0x0000005e18600000)]
  0x000001818f357bd0 JavaThread "HttpClient-93-SelectorManager" daemon [_thread_in_native, id=48108, stack(0x0000005e15d00000,0x0000005e15e00000)]
  0x000001818f358b00 JavaThread "External Process Output Forwarder - C:\Users\ishan\.cache\selenium\geckodriver\win64\0.34.0\geckodriver.exe" daemon [_thread_in_native, id=48120, stack(0x0000005e15f00000,0x0000005e16000000)]
  0x000001818f35bda0 JavaThread "Driver Service Executor" daemon [_thread_blocked, id=48124, stack(0x0000005e16100000,0x0000005e16200000)]
  0x000001818f359520 JavaThread "Driver Service Executor" daemon [_thread_blocked, id=46240, stack(0x0000005e16f00000,0x0000005e17000000)]
  0x000001818f3580e0 JavaThread "HttpClient-97-SelectorManager" daemon [_thread_in_native, id=48420, stack(0x0000005e11600000,0x0000005e11700000)]
  0x000001818f356ca0 JavaThread "External Process Output Forwarder - C:\Users\ishan\.cache\selenium\msedgedriver\win64\126.0.2592.61\msedgedriver.exe" daemon [_thread_in_native, id=48372, stack(0x0000005e19a00000,0x0000005e19b00000)]
  0x000001818f35c7c0 JavaThread "Driver Service Executor" daemon [_thread_blocked, id=48172, stack(0x0000005e1a100000,0x0000005e1a200000)]
  0x000001818f35d1e0 JavaThread "Driver Service Executor" daemon [_thread_blocked, id=48132, stack(0x0000005e1ad00000,0x0000005e1ae00000)]
  0x00000181fac146c0 JavaThread "HttpClient-99-SelectorManager" daemon [_thread_in_native, id=48020, stack(0x0000005e1b900000,0x0000005e1ba00000)]
  0x00000181fae11220 JavaThread "External Process Output Forwarder - C:\Users\ishan\.cache\selenium\geckodriver\win64\0.34.0\geckodriver.exe" daemon [_thread_in_native, id=33336, stack(0x0000005e1b400000,0x0000005e1b500000)]
  0x00000181fac13790 JavaThread "Driver Service Executor" daemon [_thread_blocked, id=49304, stack(0x0000005e1b500000,0x0000005e1b600000)]
  0x00000181fac17450 JavaThread "Driver Service Executor" daemon [_thread_blocked, id=49932, stack(0x0000005e1b600000,0x0000005e1b700000)]
  0x000001818f735400 JavaThread "HttpClient-104-SelectorManager" daemon [_thread_in_native, id=46148, stack(0x0000005e19400000,0x0000005e19500000)]
  0x000001818f7335a0 JavaThread "HttpClient-105-SelectorManager" daemon [_thread_in_native, id=50756, stack(0x0000005e19900000,0x0000005e19a00000)]
  0x000001818f731c50 JavaThread "External Process Output Forwarder - C:\Users\ishan\.cache\selenium\geckodriver\win64\0.34.0\geckodriver.exe" daemon [_thread_in_native, id=50768, stack(0x0000005e1a800000,0x0000005e1a900000)]
  0x000001818f72f3d0 JavaThread "Driver Service Executor" daemon [_thread_blocked, id=50772, stack(0x0000005e1a900000,0x0000005e1aa00000)]
  0x000001818f733ab0 JavaThread "Driver Service Executor" daemon [_thread_blocked, id=50776, stack(0x0000005e1aa00000,0x0000005e1ab00000)]
  0x000001818f7349e0 JavaThread "HttpClient-107-SelectorManager" daemon [_thread_in_native, id=48564, stack(0x0000005e1c500000,0x0000005e1c600000)]
  0x000001818f72f8e0 JavaThread "External Process Output Forwarder - C:\Users\ishan\.cache\selenium\geckodriver\win64\0.34.0\geckodriver.exe" daemon [_thread_in_native, id=47832, stack(0x0000005e1c600000,0x0000005e1c700000)]
  0x000001818f734ef0 JavaThread "Driver Service Executor" daemon [_thread_blocked, id=31132, stack(0x0000005e1c700000,0x0000005e1c800000)]
  0x000001818f735e20 JavaThread "Driver Service Executor" daemon [_thread_blocked, id=49536, stack(0x0000005e1c800000,0x0000005e1c900000)]
  0x000001818f732160 JavaThread "JdkHttpClient-96-3" daemon [_thread_blocked, id=44484, stack(0x0000005e11300000,0x0000005e11400000)]
  0x000001818f732670 JavaThread "HttpClient-109-SelectorManager" daemon [_thread_in_native, id=45720, stack(0x0000005e11500000,0x0000005e11600000)]
  0x000001818f7344d0 JavaThread "UrlChecker-6" daemon [_thread_blocked, id=26800, stack(0x0000005e18400000,0x0000005e18500000)]
  0x000001818f735910 JavaThread "HttpClient-110-SelectorManager" daemon [_thread_in_native, id=45572, stack(0x0000005e1a000000,0x0000005e1a100000)]
  0x000001818f730d20 JavaThread "HttpClient-111-SelectorManager" daemon [_thread_in_native, id=48652, stack(0x0000005e11800000,0x0000005e11900000)]
  0x000001818f730810 JavaThread "External Process Output Forwarder - C:\Users\ishan\.cache\selenium\msedgedriver\win64\126.0.2592.61\msedgedriver.exe" daemon [_thread_in_native, id=7980, stack(0x0000005e12f00000,0x0000005e13000000)]
  0x000001818f732b80 JavaThread "Driver Service Executor" daemon [_thread_blocked, id=48864, stack(0x0000005e17300000,0x0000005e17400000)]
  0x000001818f733090 JavaThread "Driver Service Executor" daemon [_thread_blocked, id=50340, stack(0x0000005e18b00000,0x0000005e18c00000)]
  0x000001818f736840 JavaThread "JdkHttpClient-110-0" daemon [_thread_blocked, id=48304, stack(0x0000005e19800000,0x0000005e19900000)]
  0x000001818f733fc0 JavaThread "JdkHttpClient-110-1" daemon [_thread_blocked, id=8848, stack(0x0000005e1a300000,0x0000005e1a400000)]
  0x000001818f736d50 JavaThread "HttpClient-112-SelectorManager" daemon [_thread_in_native, id=51064, stack(0x0000005e1a500000,0x0000005e1a600000)]
  0x000001818f731230 JavaThread "JdkHttpClient-111-0" daemon [_thread_blocked, id=50708, stack(0x0000005e1a600000,0x0000005e1a700000)]
  0x000001818f72fdf0 JavaThread "JdkHttpClient-111-1" daemon [_thread_blocked, id=50192, stack(0x0000005e1ab00000,0x0000005e1ac00000)]
  0x000001818f730300 JavaThread "JdkHttpClient-111-2" daemon [_thread_blocked, id=45908, stack(0x0000005e1ac00000,0x0000005e1ad00000)]
  0x000001818f731740 JavaThread "JdkHttpClient-110-2" daemon [_thread_blocked, id=32388, stack(0x0000005e1ae00000,0x0000005e1af00000)]
  0x000001818f736330 JavaThread "HttpClient-113-SelectorManager" daemon [_thread_in_native, id=17536, stack(0x0000005e19600000,0x0000005e19700000)]
  0x000001818f359a30 JavaThread "Keep-Alive-Timer" daemon [_thread_blocked, id=47384, stack(0x0000005e1b200000,0x0000005e1b300000)]
  0x000001818f355d70 JavaThread "JdkHttpClient-112-0" daemon [_thread_blocked, id=47708, stack(0x0000005e1b300000,0x0000005e1b400000)]
  0x000001818f35d6f0 JavaThread "JdkHttpClient-112-1" daemon [_thread_blocked, id=49396, stack(0x0000005e1b700000,0x0000005e1b800000)]

Other Threads:
  0x00000181fab051e0 VMThread "VM Thread" [stack: 0x0000005e10300000,0x0000005e10400000] [id=2272]
  0x00000181fad14c40 WatcherThread [stack: 0x0000005e10e00000,0x0000005e10f00000] [id=33184]
  0x00000181efc4e480 GCTaskThread "GC Thread#0" [stack: 0x0000005e0fe00000,0x0000005e0ff00000] [id=29176]
  0x000001818f0a45e0 GCTaskThread "GC Thread#1" [stack: 0x0000005e11a00000,0x0000005e11b00000] [id=42992]
  0x00000181ff8f1750 GCTaskThread "GC Thread#2" [stack: 0x0000005e11b00000,0x0000005e11c00000] [id=28992]
  0x00000181ff733ed0 GCTaskThread "GC Thread#3" [stack: 0x0000005e11c00000,0x0000005e11d00000] [id=11868]
  0x000001818f14a350 GCTaskThread "GC Thread#4" [stack: 0x0000005e11d00000,0x0000005e11e00000] [id=28224]
  0x000001818f14a610 GCTaskThread "GC Thread#5" [stack: 0x0000005e11e00000,0x0000005e11f00000] [id=17644]
  0x000001818f18e8a0 GCTaskThread "GC Thread#6" [stack: 0x0000005e11f00000,0x0000005e12000000] [id=30568]
  0x000001818f77d1a0 GCTaskThread "GC Thread#7" [stack: 0x0000005e12400000,0x0000005e12500000] [id=18084]
  0x00000181efc5fea0 ConcurrentGCThread "G1 Main Marker" [stack: 0x0000005e0ff00000,0x0000005e10000000] [id=35288]
  0x00000181efc61060 ConcurrentGCThread "G1 Conc#0" [stack: 0x0000005e10000000,0x0000005e10100000] [id=7852]
  0x000001818f0d17f0 ConcurrentGCThread "G1 Conc#1" [stack: 0x0000005e12500000,0x0000005e12600000] [id=9528]
  0x00000181efc9e770 ConcurrentGCThread "G1 Refine#0" [stack: 0x0000005e10100000,0x0000005e10200000] [id=34212]
  0x00000181fa95d790 ConcurrentGCThread "G1 Service" [stack: 0x0000005e10200000,0x0000005e10300000] [id=32948]

Threads with active compile tasks:
C2 CompilerThread0   851025 5487       4       org.testng.reporters.XMLUtils::escape (133 bytes)

VM state: not at safepoint (normal execution)

VM Mutex/Monitor currently owned by a thread: None

Heap address: 0x0000000082a00000, size: 2006 MB, Compressed Oops mode: 32-bit

CDS archive(s) not mapped
Compressed class space mapped at: 0x0000000100000000-0x0000000140000000, reserved size: 1073741824
Narrow klass base: 0x0000000000000000, Narrow klass shift: 3, Narrow klass range: 0x140000000

GC Precious Log:
 CPUs: 8 total, 8 available
 Memory: 8022M
 Large Page Support: Disabled
 NUMA Support: Disabled
 Compressed Oops: Enabled (32-bit)
 Heap Region Size: 1M
 Heap Min Capacity: 8M
 Heap Initial Capacity: 126M
 Heap Max Capacity: 2006M
 Pre-touch: Disabled
 Parallel Workers: 8
 Concurrent Workers: 2
 Concurrent Refinement Workers: 8
 Periodic GC: Disabled

Heap:
 garbage-first heap   total 58368K, used 28852K [0x0000000082a00000, 0x0000000100000000)
  region size 1024K, 4 young (4096K), 1 survivors (1024K)
 Metaspace       used 28502K, committed 28864K, reserved 1114112K
  class space    used 3016K, committed 3136K, reserved 1048576K

Heap Regions: E=young(eden), S=young(survivor), O=old, HS=humongous(starts), HC=humongous(continues), CS=collection set, F=free, OA=open archive, CA=closed archive, TAMS=top-at-mark-start (previous, next)
|   0|0x0000000082a00000, 0x0000000082b00000, 0x0000000082b00000|100%|HS|  |TAMS 0x0000000082b00000, 0x0000000082a00000| Complete 
|   1|0x0000000082b00000, 0x0000000082c00000, 0x0000000082c00000|100%|HC|  |TAMS 0x0000000082c00000, 0x0000000082b00000| Complete 
|   2|0x0000000082c00000, 0x0000000082d00000, 0x0000000082d00000|100%|HC|  |TAMS 0x0000000082d00000, 0x0000000082c00000| Complete 
|   3|0x0000000082d00000, 0x0000000082e00000, 0x0000000082e00000|100%| O|  |TAMS 0x0000000082d00000, 0x0000000082d00000| Untracked 
|   4|0x0000000082e00000, 0x0000000082f00000, 0x0000000082f00000|100%|HS|  |TAMS 0x0000000082f00000, 0x0000000082e00000| Complete 
|   5|0x0000000082f00000, 0x0000000083000000, 0x0000000083000000|100%|HS|  |TAMS 0x0000000083000000, 0x0000000082f00000| Complete 
|   6|0x0000000083000000, 0x0000000083100000, 0x0000000083100000|100%|HC|  |TAMS 0x0000000083100000, 0x0000000083000000| Complete 
|   7|0x0000000083100000, 0x0000000083200000, 0x0000000083200000|100%| O|  |TAMS 0x0000000083200000, 0x0000000083100000| Untracked 
|   8|0x0000000083200000, 0x0000000083300000, 0x0000000083300000|100%| O|  |TAMS 0x0000000083300000, 0x0000000083200000| Untracked 
|   9|0x0000000083300000, 0x0000000083400000, 0x0000000083400000|100%| O|  |TAMS 0x0000000083400000, 0x0000000083300000| Untracked 
|  10|0x0000000083400000, 0x0000000083500000, 0x0000000083500000|100%| O|  |TAMS 0x00000000834a1200, 0x0000000083400000| Untracked 
|  11|0x0000000083500000, 0x0000000083600000, 0x0000000083600000|100%| O|  |TAMS 0x0000000083500000, 0x0000000083500000| Untracked 
|  12|0x0000000083600000, 0x000000008362be00, 0x0000000083700000| 17%| O|  |TAMS 0x0000000083600000, 0x0000000083600000| Untracked 
|  13|0x0000000083700000, 0x0000000083800000, 0x0000000083800000|100%| O|  |TAMS 0x0000000083700000, 0x0000000083700000| Untracked 
|  14|0x0000000083800000, 0x0000000083900000, 0x0000000083900000|100%| O|  |TAMS 0x0000000083800000, 0x0000000083800000| Untracked 
|  15|0x0000000083900000, 0x0000000083a00000, 0x0000000083a00000|100%| O|  |TAMS 0x0000000083900000, 0x0000000083900000| Untracked 
|  16|0x0000000083a00000, 0x0000000083b00000, 0x0000000083b00000|100%| O|  |TAMS 0x0000000083a00000, 0x0000000083a00000| Untracked 
|  17|0x0000000083b00000, 0x0000000083c00000, 0x0000000083c00000|100%| O|  |TAMS 0x0000000083b00000, 0x0000000083b00000| Untracked 
|  18|0x0000000083c00000, 0x0000000083d00000, 0x0000000083d00000|100%| O|  |TAMS 0x0000000083c00000, 0x0000000083c00000| Untracked 
|  19|0x0000000083d00000, 0x0000000083e00000, 0x0000000083e00000|100%| O|  |TAMS 0x0000000083d00000, 0x0000000083d00000| Untracked 
|  20|0x0000000083e00000, 0x0000000083f00000, 0x0000000083f00000|100%| O|  |TAMS 0x0000000083e00000, 0x0000000083e00000| Untracked 
|  21|0x0000000083f00000, 0x0000000084000000, 0x0000000084000000|100%| O|  |TAMS 0x0000000083f00000, 0x0000000083f00000| Untracked 
|  22|0x0000000084000000, 0x0000000084100000, 0x0000000084100000|100%| O|  |TAMS 0x0000000084000000, 0x0000000084000000| Untracked 
|  23|0x0000000084100000, 0x0000000084200000, 0x0000000084200000|100%| O|  |TAMS 0x0000000084100000, 0x0000000084100000| Untracked 
|  24|0x0000000084200000, 0x0000000084300000, 0x0000000084300000|100%| O|  |TAMS 0x0000000084200000, 0x0000000084200000| Untracked 
|  25|0x0000000084300000, 0x0000000084400000, 0x0000000084400000|100%| O|  |TAMS 0x0000000084300000, 0x0000000084300000| Untracked 
|  26|0x0000000084400000, 0x0000000084431c00, 0x0000000084500000| 19%| O|  |TAMS 0x0000000084400000, 0x0000000084400000| Untracked 
|  27|0x0000000084500000, 0x0000000084500000, 0x0000000084600000|  0%| F|  |TAMS 0x0000000084500000, 0x0000000084500000| Untracked 
|  28|0x0000000084600000, 0x0000000084600000, 0x0000000084700000|  0%| F|  |TAMS 0x0000000084600000, 0x0000000084600000| Untracked 
|  29|0x0000000084700000, 0x0000000084700000, 0x0000000084800000|  0%| F|  |TAMS 0x0000000084700000, 0x0000000084700000| Untracked 
|  30|0x0000000084800000, 0x0000000084800000, 0x0000000084900000|  0%| F|  |TAMS 0x0000000084800000, 0x0000000084800000| Untracked 
|  31|0x0000000084900000, 0x0000000084900000, 0x0000000084a00000|  0%| F|  |TAMS 0x0000000084900000, 0x0000000084900000| Untracked 
|  32|0x0000000084a00000, 0x0000000084a00000, 0x0000000084b00000|  0%| F|  |TAMS 0x0000000084a00000, 0x0000000084a00000| Untracked 
|  33|0x0000000084b00000, 0x0000000084b00000, 0x0000000084c00000|  0%| F|  |TAMS 0x0000000084b00000, 0x0000000084b00000| Untracked 
|  34|0x0000000084c00000, 0x0000000084c00000, 0x0000000084d00000|  0%| F|  |TAMS 0x0000000084c00000, 0x0000000084c00000| Untracked 
|  35|0x0000000084d00000, 0x0000000084d00000, 0x0000000084e00000|  0%| F|  |TAMS 0x0000000084d00000, 0x0000000084d00000| Untracked 
|  36|0x0000000084e00000, 0x0000000084e00000, 0x0000000084f00000|  0%| F|  |TAMS 0x0000000084e00000, 0x0000000084e00000| Untracked 
|  37|0x0000000084f00000, 0x0000000084f00000, 0x0000000085000000|  0%| F|  |TAMS 0x0000000084f00000, 0x0000000084f00000| Untracked 
|  38|0x0000000085000000, 0x0000000085000000, 0x0000000085100000|  0%| F|  |TAMS 0x0000000085000000, 0x0000000085000000| Untracked 
|  39|0x0000000085100000, 0x00000000851cf8a8, 0x0000000085200000| 81%| S|CS|TAMS 0x0000000085100000, 0x0000000085100000| Complete 
|  40|0x0000000085200000, 0x0000000085200000, 0x0000000085300000|  0%| F|  |TAMS 0x0000000085200000, 0x0000000085200000| Untracked 
|  41|0x0000000085300000, 0x0000000085300000, 0x0000000085400000|  0%| F|  |TAMS 0x0000000085300000, 0x0000000085300000| Untracked 
|  42|0x0000000085400000, 0x0000000085400000, 0x0000000085500000|  0%| F|  |TAMS 0x0000000085400000, 0x0000000085400000| Untracked 
|  43|0x0000000085500000, 0x0000000085500000, 0x0000000085600000|  0%| F|  |TAMS 0x0000000085500000, 0x0000000085500000| Untracked 
|  44|0x0000000085600000, 0x0000000085600000, 0x0000000085700000|  0%| F|  |TAMS 0x0000000085600000, 0x0000000085600000| Untracked 
|  45|0x0000000085700000, 0x0000000085700000, 0x0000000085800000|  0%| F|  |TAMS 0x0000000085700000, 0x0000000085700000| Untracked 
|  46|0x0000000085800000, 0x0000000085800000, 0x0000000085900000|  0%| F|  |TAMS 0x0000000085800000, 0x0000000085800000| Untracked 
|  47|0x0000000085900000, 0x0000000085900000, 0x0000000085a00000|  0%| F|  |TAMS 0x0000000085900000, 0x0000000085900000| Untracked 
|  48|0x0000000085a00000, 0x0000000085a00000, 0x0000000085b00000|  0%| F|  |TAMS 0x0000000085a00000, 0x0000000085a00000| Untracked 
|  49|0x0000000085b00000, 0x0000000085b00000, 0x0000000085c00000|  0%| F|  |TAMS 0x0000000085b00000, 0x0000000085b00000| Untracked 
|  50|0x0000000085c00000, 0x0000000085c00000, 0x0000000085d00000|  0%| F|  |TAMS 0x0000000085c00000, 0x0000000085c00000| Untracked 
|  51|0x0000000085d00000, 0x0000000085d00000, 0x0000000085e00000|  0%| F|  |TAMS 0x0000000085d00000, 0x0000000085d00000| Untracked 
|  52|0x0000000085e00000, 0x0000000085e00000, 0x0000000085f00000|  0%| F|  |TAMS 0x0000000085e00000, 0x0000000085e00000| Untracked 
|  95|0x0000000088900000, 0x0000000088900000, 0x0000000088a00000|  0%| F|  |TAMS 0x0000000088900000, 0x0000000088900000| Untracked 
|  96|0x0000000088a00000, 0x0000000088a550f8, 0x0000000088b00000| 33%| E|  |TAMS 0x0000000088a00000, 0x0000000088a00000| Complete 
|  97|0x0000000088b00000, 0x0000000088c00000, 0x0000000088c00000|100%| E|CS|TAMS 0x0000000088b00000, 0x0000000088b00000| Complete 
| 125|0x000000008a700000, 0x000000008a800000, 0x000000008a800000|100%| E|CS|TAMS 0x000000008a700000, 0x000000008a700000| Complete 

Card table byte_map: [0x00000181f39e0000,0x00000181f3dd0000] _byte_map_base: 0x00000181f35cb000

Marking Bits (Prev, Next): (CMBitMap*) 0x00000181efc4faf0, (CMBitMap*) 0x00000181efc4fab0
 Prev Bits: [0x00000181f6120000, 0x00000181f8078000)
 Next Bits: [0x00000181f41c0000, 0x00000181f6118000)

Polling page: 0x00000181ef3a0000

Metaspace:

Usage:
  Non-class:     24.89 MB used.
      Class:      2.95 MB used.
       Both:     27.83 MB used.

Virtual space:
  Non-class space:       64.00 MB reserved,      25.12 MB ( 39%) committed,  1 nodes.
      Class space:        1.00 GB reserved,       3.06 MB ( <1%) committed,  1 nodes.
             Both:        1.06 GB reserved,      28.19 MB (  3%) committed. 

Chunk freelists:
   Non-Class:  6.36 MB
       Class:  12.82 MB
        Both:  19.18 MB

MaxMetaspaceSize: unlimited
CompressedClassSpaceSize: 1.00 GB
Initial GC threshold: 21.00 MB
Current GC threshold: 35.12 MB
CDS: off
MetaspaceReclaimPolicy: balanced
 - commit_granule_bytes: 65536.
 - commit_granule_words: 8192.
 - virtual_space_node_default_size: 8388608.
 - enlarge_chunks_in_place: 1.
 - new_chunks_are_fully_committed: 0.
 - uncommit_free_chunks: 1.
 - use_allocation_guard: 0.
 - handle_deallocations: 1.


Internal statistics:

num_allocs_failed_limit: 3.
num_arena_births: 424.
num_arena_deaths: 0.
num_vsnodes_births: 2.
num_vsnodes_deaths: 0.
num_space_committed: 451.
num_space_uncommitted: 0.
num_chunks_returned_to_freelist: 3.
num_chunks_taken_from_freelist: 1036.
num_chunk_merges: 3.
num_chunk_splits: 569.
num_chunks_enlarged: 295.
num_inconsistent_stats: 0.

CodeHeap 'non-profiled nmethods': size=120000Kb used=2153Kb max_used=2153Kb free=117846Kb
 bounds [0x0000018187ad0000, 0x0000018187d40000, 0x000001818f000000]
CodeHeap 'profiled nmethods': size=120000Kb used=11677Kb max_used=11677Kb free=108322Kb
 bounds [0x0000018180000000, 0x0000018180b70000, 0x0000018187530000]
CodeHeap 'non-nmethods': size=5760Kb used=1240Kb max_used=1303Kb free=4519Kb
 bounds [0x0000018187530000, 0x00000181877a0000, 0x0000018187ad0000]
 total_blobs=6059 nmethods=5513 adapters=458
 compilation: enabled
              stopped_count=0, restarted_count=0
 full_count=0

Compilation events (20 events):
Event: 850.939 Thread 0x00000181fab64670 5518       3       java.lang.StringUTF16::newBytesFor (61 bytes)
Event: 850.939 Thread 0x00000181fab64670 nmethod 5518 0x0000018180b5c310 code [0x0000018180b5c580, 0x0000018180b5ce48]
Event: 850.939 Thread 0x00000181fab64670 5519       3       java.text.SimpleDateFormat::compile (674 bytes)
Event: 850.944 Thread 0x00000181fab64670 nmethod 5519 0x0000018180b5d190 code [0x0000018180b5d800, 0x0000018180b60ff8]
Event: 850.944 Thread 0x00000181fab64670 5528       3       org.testng.reporters.XMLUtils::extractComment (111 bytes)
Event: 850.945 Thread 0x00000181fab64670 nmethod 5528 0x0000018180b62710 code [0x0000018180b62a00, 0x0000018180b63a08]
Event: 850.945 Thread 0x00000181fab64670 5521       3       org.testng.internal.Utils::isStringEmpty (19 bytes)
Event: 850.945 Thread 0x00000181fab64670 nmethod 5521 0x0000018180b63f10 code [0x0000018180b640c0, 0x0000018180b64288]
Event: 850.945 Thread 0x00000181fab64670 5527       3       org.testng.util.Strings::isNullOrEmpty (20 bytes)
Event: 850.946 Thread 0x00000181fab64670 nmethod 5527 0x0000018180b64310 code [0x0000018180b64500, 0x0000018180b64998]
Event: 850.946 Thread 0x00000181fab64670 5525       3       org.testng.reporters.XMLUtils::xmlOpen (51 bytes)
Event: 850.946 Thread 0x00000181fab64670 nmethod 5525 0x0000018180b64b10 code [0x0000018180b64d40, 0x0000018180b65278]
Event: 850.946 Thread 0x00000181fab64670 5523       3       java.util.regex.Pattern::nextEscaped (19 bytes)
Event: 850.947 Thread 0x00000181fab64670 nmethod 5523 0x0000018180b65590 code [0x0000018180b65720, 0x0000018180b65858]
Event: 850.947 Thread 0x00000181fab64670 5524       3       sun.util.calendar.CalendarDate::setZone (7 bytes)
Event: 850.947 Thread 0x00000181fab64670 nmethod 5524 0x0000018180b65910 code [0x0000018180b65aa0, 0x0000018180b65bf8]
Event: 850.947 Thread 0x00000181fab64670 5522       3       java.util.Calendar::getFieldStrings (128 bytes)
Event: 850.948 Thread 0x00000181fab64670 nmethod 5522 0x0000018180b65c90 code [0x0000018180b65f60, 0x0000018180b67098]
Event: 850.948 Thread 0x00000181fab64670 5526       1       org.testng.internal.BaseTestMethod::getDescription (5 bytes)
Event: 850.948 Thread 0x00000181fab64670 nmethod 5526 0x0000018187cea290 code [0x0000018187cea420, 0x0000018187cea4f8]

GC Heap History (20 events):
Event: 2.880 GC heap before
{Heap before GC invocations=1 (full 0):
 garbage-first heap   total 129024K, used 36484K [0x0000000082a00000, 0x0000000100000000)
  region size 1024K, 28 young (28672K), 3 survivors (3072K)
 Metaspace       used 21279K, committed 21504K, reserved 1114112K
  class space    used 2262K, committed 2368K, reserved 1048576K
}
Event: 2.886 GC heap after
{Heap after GC invocations=2 (full 0):
 garbage-first heap   total 129024K, used 15212K [0x0000000082a00000, 0x0000000100000000)
  region size 1024K, 3 young (3072K), 3 survivors (3072K)
 Metaspace       used 21279K, committed 21504K, reserved 1114112K
  class space    used 2262K, committed 2368K, reserved 1048576K
}
Event: 39.150 GC heap before
{Heap before GC invocations=3 (full 0):
 garbage-first heap   total 58368K, used 42860K [0x0000000082a00000, 0x0000000100000000)
  region size 1024K, 31 young (31744K), 3 survivors (3072K)
 Metaspace       used 26016K, committed 26304K, reserved 1114112K
  class space    used 2905K, committed 3072K, reserved 1048576K
}
Event: 39.157 GC heap after
{Heap after GC invocations=4 (full 0):
 garbage-first heap   total 58368K, used 17711K [0x0000000082a00000, 0x0000000100000000)
  region size 1024K, 3 young (3072K), 3 survivors (3072K)
 Metaspace       used 26016K, committed 26304K, reserved 1114112K
  class space    used 2905K, committed 3072K, reserved 1048576K
}
Event: 116.462 GC heap before
{Heap before GC invocations=4 (full 0):
 garbage-first heap   total 58368K, used 37167K [0x0000000082a00000, 0x0000000100000000)
  region size 1024K, 23 young (23552K), 3 survivors (3072K)
 Metaspace       used 26553K, committed 26880K, reserved 1114112K
  class space    used 2914K, committed 3072K, reserved 1048576K
}
Event: 116.476 GC heap after
{Heap after GC invocations=5 (full 0):
 garbage-first heap   total 58368K, used 19669K [0x0000000082a00000, 0x0000000100000000)
  region size 1024K, 3 young (3072K), 3 survivors (3072K)
 Metaspace       used 26553K, committed 26880K, reserved 1114112K
  class space    used 2914K, committed 3072K, reserved 1048576K
}
Event: 260.289 GC heap before
{Heap before GC invocations=5 (full 0):
 garbage-first heap   total 58368K, used 39125K [0x0000000082a00000, 0x0000000100000000)
  region size 1024K, 23 young (23552K), 3 survivors (3072K)
 Metaspace       used 26988K, committed 27392K, reserved 1114112K
  class space    used 2925K, committed 3136K, reserved 1048576K
}
Event: 261.397 GC heap after
{Heap after GC invocations=6 (full 0):
 garbage-first heap   total 58368K, used 21397K [0x0000000082a00000, 0x0000000100000000)
  region size 1024K, 3 young (3072K), 3 survivors (3072K)
 Metaspace       used 26988K, committed 27392K, reserved 1114112K
  class space    used 2925K, committed 3136K, reserved 1048576K
}
Event: 263.150 GC heap before
{Heap before GC invocations=6 (full 0):
 garbage-first heap   total 58368K, used 21397K [0x0000000082a00000, 0x0000000100000000)
  region size 1024K, 4 young (4096K), 3 survivors (3072K)
 Metaspace       used 27015K, committed 27392K, reserved 1114112K
  class space    used 2925K, committed 3136K, reserved 1048576K
}
Event: 263.165 GC heap after
{Heap after GC invocations=7 (full 0):
 garbage-first heap   total 58368K, used 21508K [0x0000000082a00000, 0x0000000100000000)
  region size 1024K, 1 young (1024K), 1 survivors (1024K)
 Metaspace       used 27015K, committed 27392K, reserved 1114112K
  class space    used 2925K, committed 3136K, reserved 1048576K
}
Event: 264.686 GC heap before
{Heap before GC invocations=7 (full 0):
 garbage-first heap   total 58368K, used 22532K [0x0000000082a00000, 0x0000000100000000)
  region size 1024K, 2 young (2048K), 1 survivors (1024K)
 Metaspace       used 27026K, committed 27392K, reserved 1114112K
  class space    used 2925K, committed 3136K, reserved 1048576K
}
Event: 264.690 GC heap after
{Heap after GC invocations=8 (full 0):
 garbage-first heap   total 58368K, used 21541K [0x0000000082a00000, 0x0000000100000000)
  region size 1024K, 1 young (1024K), 1 survivors (1024K)
 Metaspace       used 27026K, committed 27392K, reserved 1114112K
  class space    used 2925K, committed 3136K, reserved 1048576K
}
Event: 322.124 GC heap before
{Heap before GC invocations=8 (full 0):
 garbage-first heap   total 58368K, used 31781K [0x0000000082a00000, 0x0000000100000000)
  region size 1024K, 11 young (11264K), 1 survivors (1024K)
 Metaspace       used 27190K, committed 27584K, reserved 1114112K
  class space    used 2929K, committed 3136K, reserved 1048576K
}
Event: 322.147 GC heap after
{Heap after GC invocations=9 (full 0):
 garbage-first heap   total 58368K, used 22300K [0x0000000082a00000, 0x0000000100000000)
  region size 1024K, 2 young (2048K), 2 survivors (2048K)
 Metaspace       used 27190K, committed 27584K, reserved 1114112K
  class space    used 2929K, committed 3136K, reserved 1048576K
}
Event: 596.373 GC heap before
{Heap before GC invocations=9 (full 0):
 garbage-first heap   total 58368K, used 40732K [0x0000000082a00000, 0x0000000100000000)
  region size 1024K, 21 young (21504K), 2 survivors (2048K)
 Metaspace       used 27853K, committed 28160K, reserved 1114112K
  class space    used 2984K, committed 3136K, reserved 1048576K
}
Event: 596.429 GC heap after
{Heap after GC invocations=10 (full 0):
 garbage-first heap   total 58368K, used 24706K [0x0000000082a00000, 0x0000000100000000)
  region size 1024K, 3 young (3072K), 3 survivors (3072K)
 Metaspace       used 27853K, committed 28160K, reserved 1114112K
  class space    used 2984K, committed 3136K, reserved 1048576K
}
Event: 676.902 GC heap before
{Heap before GC invocations=10 (full 0):
 garbage-first heap   total 58368K, used 42114K [0x0000000082a00000, 0x0000000100000000)
  region size 1024K, 21 young (21504K), 3 survivors (3072K)
 Metaspace       used 28062K, committed 28416K, reserved 1114112K
  class space    used 2988K, committed 3136K, reserved 1048576K
}
Event: 676.937 GC heap after
{Heap after GC invocations=11 (full 0):
 garbage-first heap   total 58368K, used 26401K [0x0000000082a00000, 0x0000000100000000)
  region size 1024K, 2 young (2048K), 2 survivors (2048K)
 Metaspace       used 28062K, committed 28416K, reserved 1114112K
  class space    used 2988K, committed 3136K, reserved 1048576K
}
Event: 850.888 GC heap before
{Heap before GC invocations=11 (full 0):
 garbage-first heap   total 58368K, used 42785K [0x0000000082a00000, 0x0000000100000000)
  region size 1024K, 19 young (19456K), 2 survivors (2048K)
 Metaspace       used 28456K, committed 28736K, reserved 1114112K
  class space    used 3014K, committed 3136K, reserved 1048576K
}
Event: 850.916 GC heap after
{Heap after GC invocations=12 (full 0):
 garbage-first heap   total 58368K, used 26804K [0x0000000082a00000, 0x0000000100000000)
  region size 1024K, 1 young (1024K), 1 survivors (1024K)
 Metaspace       used 28456K, committed 28736K, reserved 1114112K
  class space    used 3014K, committed 3136K, reserved 1048576K
}

Dll operation events (7 events):
Event: 0.008 Loaded shared library C:\Users\ishan\.p2\pool\plugins\org.eclipse.justj.openjdk.hotspot.jre.full.win32.x86_64_17.0.11.v20240426-1830\jre\bin\java.dll
Event: 0.141 Loaded shared library C:\Users\ishan\.p2\pool\plugins\org.eclipse.justj.openjdk.hotspot.jre.full.win32.x86_64_17.0.11.v20240426-1830\jre\bin\net.dll
Event: 0.142 Loaded shared library C:\Users\ishan\.p2\pool\plugins\org.eclipse.justj.openjdk.hotspot.jre.full.win32.x86_64_17.0.11.v20240426-1830\jre\bin\nio.dll
Event: 0.152 Loaded shared library C:\Users\ishan\.p2\pool\plugins\org.eclipse.justj.openjdk.hotspot.jre.full.win32.x86_64_17.0.11.v20240426-1830\jre\bin\zip.dll
Event: 0.334 Loaded shared library C:\Users\ishan\.p2\pool\plugins\org.eclipse.justj.openjdk.hotspot.jre.full.win32.x86_64_17.0.11.v20240426-1830\jre\bin\jimage.dll
Event: 0.428 Loaded shared library C:\Users\ishan\.p2\pool\plugins\org.eclipse.justj.openjdk.hotspot.jre.full.win32.x86_64_17.0.11.v20240426-1830\jre\bin\extnet.dll
Event: 2.893 Loaded shared library C:\Users\ishan\.p2\pool\plugins\org.eclipse.justj.openjdk.hotspot.jre.full.win32.x86_64_17.0.11.v20240426-1830\jre\bin\sunmscapi.dll

Deoptimization events (20 events):
Event: 850.736 Thread 0x00000181efbee360 DEOPT PACKING pc=0x0000018180aeaf7a sp=0x0000005e0fdfef20
Event: 850.736 Thread 0x00000181efbee360 DEOPT UNPACKING pc=0x0000018187587143 sp=0x0000005e0fdfe428 mode 0
Event: 850.739 Thread 0x00000181efbee360 DEOPT PACKING pc=0x0000018180aeaf7a sp=0x0000005e0fdfed20
Event: 850.739 Thread 0x00000181efbee360 DEOPT UNPACKING pc=0x0000018187587143 sp=0x0000005e0fdfe228 mode 0
Event: 850.741 Thread 0x00000181efbee360 DEOPT PACKING pc=0x0000018180aeaf7a sp=0x0000005e0fdfed20
Event: 850.741 Thread 0x00000181efbee360 DEOPT UNPACKING pc=0x0000018187587143 sp=0x0000005e0fdfe228 mode 0
Event: 850.746 Thread 0x00000181efbee360 DEOPT PACKING pc=0x0000018180aeaf7a sp=0x0000005e0fdfed20
Event: 850.746 Thread 0x00000181efbee360 DEOPT UNPACKING pc=0x0000018187587143 sp=0x0000005e0fdfe228 mode 0
Event: 850.749 Thread 0x00000181efbee360 DEOPT PACKING pc=0x0000018180aeaf7a sp=0x0000005e0fdfed20
Event: 850.749 Thread 0x00000181efbee360 DEOPT UNPACKING pc=0x0000018187587143 sp=0x0000005e0fdfe228 mode 0
Event: 850.751 Thread 0x00000181efbee360 DEOPT PACKING pc=0x0000018180aeaf7a sp=0x0000005e0fdfed20
Event: 850.751 Thread 0x00000181efbee360 DEOPT UNPACKING pc=0x0000018187587143 sp=0x0000005e0fdfe228 mode 0
Event: 850.839 Thread 0x00000181efbee360 Uncommon trap: trap_request=0xffffff45 fr.pc=0x0000018187cccbfc relative=0x000000000000015c
Event: 850.839 Thread 0x00000181efbee360 Uncommon trap: reason=unstable_if action=reinterpret pc=0x0000018187cccbfc method=java.util.regex.Pattern$Start.match(Ljava/util/regex/Matcher;ILjava/lang/CharSequence;)Z @ 10 c2
Event: 850.839 Thread 0x00000181efbee360 DEOPT PACKING pc=0x0000018187cccbfc sp=0x0000005e0fdfef30
Event: 850.839 Thread 0x00000181efbee360 DEOPT UNPACKING pc=0x00000181875869a3 sp=0x0000005e0fdfeeb0 mode 2
Event: 850.928 Thread 0x00000181efbee360 Uncommon trap: trap_request=0xffffff45 fr.pc=0x0000018187ce6e20 relative=0x00000000000006e0
Event: 850.928 Thread 0x00000181efbee360 Uncommon trap: reason=unstable_if action=reinterpret pc=0x0000018187ce6e20 method=org.testng.reporters.FileStringBuffer.append(Ljava/lang/CharSequence;)Lorg/testng/reporters/FileStringBuffer; @ 25 c2
Event: 850.928 Thread 0x00000181efbee360 DEOPT PACKING pc=0x0000018187ce6e20 sp=0x0000005e0fdfec50
Event: 850.928 Thread 0x00000181efbee360 DEOPT UNPACKING pc=0x00000181875869a3 sp=0x0000005e0fdfebc8 mode 2

Classes unloaded (0 events):
No events

Classes redefined (0 events):
No events

Internal exceptions (20 events):
Event: 847.343 Thread 0x000001818f7344d0 Exception <a 'java/net/SocketException'{0x0000000085d638f0}: Socket is not connected: shutdown> (0x0000000085d638f0) 
thrown [s\src\hotspot\share\prims\jni.cpp, line 535]
Event: 847.442 Thread 0x000001818f7344d0 Exception <a 'java/net/ConnectException'{0x0000000085d64b10}: Connection refused: getsockopt> (0x0000000085d64b10) 
thrown [s\src\hotspot\share\prims\jni.cpp, line 535]
Event: 847.442 Thread 0x000001818f7344d0 Exception <a 'java/net/SocketException'{0x0000000085d64e48}: Socket is not connected: shutdown> (0x0000000085d64e48) 
thrown [s\src\hotspot\share\prims\jni.cpp, line 535]
Event: 847.633 Thread 0x000001818f7344d0 Exception <a 'java/net/ConnectException'{0x0000000085d66058}: Connection refused: getsockopt> (0x0000000085d66058) 
thrown [s\src\hotspot\share\prims\jni.cpp, line 535]
Event: 847.634 Thread 0x000001818f7344d0 Exception <a 'java/net/SocketException'{0x0000000085d66390}: Socket is not connected: shutdown> (0x0000000085d66390) 
thrown [s\src\hotspot\share\prims\jni.cpp, line 535]
Event: 847.958 Thread 0x000001818f7344d0 Exception <a 'java/net/ConnectException'{0x0000000085d69600}: Connection refused: getsockopt> (0x0000000085d69600) 
thrown [s\src\hotspot\share\prims\jni.cpp, line 535]
Event: 847.958 Thread 0x000001818f7344d0 Exception <a 'java/net/SocketException'{0x0000000085d69938}: Socket is not connected: shutdown> (0x0000000085d69938) 
thrown [s\src\hotspot\share\prims\jni.cpp, line 535]
Event: 848.285 Thread 0x000001818f7344d0 Exception <a 'java/net/ConnectException'{0x0000000085d6c388}: Connection refused: getsockopt> (0x0000000085d6c388) 
thrown [s\src\hotspot\share\prims\jni.cpp, line 535]
Event: 848.285 Thread 0x000001818f7344d0 Exception <a 'java/net/SocketException'{0x0000000085d6c6c0}: Socket is not connected: shutdown> (0x0000000085d6c6c0) 
thrown [s\src\hotspot\share\prims\jni.cpp, line 535]
Event: 848.612 Thread 0x000001818f7344d0 Exception <a 'java/net/ConnectException'{0x0000000085d6eec8}: Connection refused: getsockopt> (0x0000000085d6eec8) 
thrown [s\src\hotspot\share\prims\jni.cpp, line 535]
Event: 848.612 Thread 0x000001818f7344d0 Exception <a 'java/net/SocketException'{0x0000000085d6f200}: Socket is not connected: shutdown> (0x0000000085d6f200) 
thrown [s\src\hotspot\share\prims\jni.cpp, line 535]
Event: 849.097 Thread 0x000001818f7344d0 Exception <a 'java/net/ConnectException'{0x0000000085ded9c0}: Connection refused: getsockopt> (0x0000000085ded9c0) 
thrown [s\src\hotspot\share\prims\jni.cpp, line 535]
Event: 849.097 Thread 0x000001818f7344d0 Exception <a 'java/net/SocketException'{0x0000000085dedcf8}: Socket is not connected: shutdown> (0x0000000085dedcf8) 
thrown [s\src\hotspot\share\prims\jni.cpp, line 535]
Event: 850.272 Thread 0x000001818f071fa0 Exception <a 'java/net/SocketException'{0x0000000085c26340}: Socket is not connected: shutdown> (0x0000000085c26340) 
thrown [s\src\hotspot\share\prims\jni.cpp, line 535]
Event: 850.273 Thread 0x000001818f071fa0 Exception <a 'java/net/SocketException'{0x0000000085c26ba8}: Socket is not connected: shutdown> (0x0000000085c26ba8) 
thrown [s\src\hotspot\share\prims\jni.cpp, line 535]
Event: 850.374 Thread 0x000001818f071fa0 Exception <a 'java/lang/NoSuchMethodError'{0x0000000085c64178}: 'java.lang.Object java.lang.invoke.DirectMethodHandle$Holder.invokeSpecial(java.lang.Object, java.lang.Object, int, java.lang.Object, java.lang.Object)'> (0x0000000085c64178) 
thrown [s\src\hotspot\share\interpreter\linkResolver.cpp, line 759]
Event: 850.388 Thread 0x000001818f071fa0 Exception <a 'java/net/SocketException'{0x0000000085cee698}: Socket is not connected: shutdown> (0x0000000085cee698) 
thrown [s\src\hotspot\share\prims\jni.cpp, line 535]
Event: 850.388 Thread 0x000001818f071fa0 Exception <a 'java/net/SocketException'{0x0000000085ceef00}: Socket is not connected: shutdown> (0x0000000085ceef00) 
thrown [s\src\hotspot\share\prims\jni.cpp, line 535]
Event: 850.488 Thread 0x000001818f071fa0 Implicit null exception at 0x0000018187ccf0d7 to 0x0000018187ccf19c
Event: 850.721 Thread 0x00000181efbee360 Exception <a 'java/lang/NoSuchMethodError'{0x00000000856e9d60}: 'int java.lang.invoke.DirectMethodHandle$Holder.invokeInterface(java.lang.Object, java.lang.Object)'> (0x00000000856e9d60) 
thrown [s\src\hotspot\share\interpreter\linkResolver.cpp, line 759]

VM Operations (20 events):
Event: 822.005 Executing VM operation: Cleanup
Event: 822.007 Executing VM operation: Cleanup done
Event: 823.011 Executing VM operation: Cleanup
Event: 823.011 Executing VM operation: Cleanup done
Event: 825.038 Executing VM operation: Cleanup
Event: 825.038 Executing VM operation: Cleanup done
Event: 827.054 Executing VM operation: Cleanup
Event: 827.054 Executing VM operation: Cleanup done
Event: 833.102 Executing VM operation: Cleanup
Event: 833.365 Executing VM operation: Cleanup done
Event: 836.374 Executing VM operation: Cleanup
Event: 836.382 Executing VM operation: Cleanup done
Event: 841.968 Executing VM operation: HandshakeAllThreads
Event: 841.968 Executing VM operation: HandshakeAllThreads done
Event: 843.991 Executing VM operation: Cleanup
Event: 843.992 Executing VM operation: Cleanup done
Event: 849.014 Executing VM operation: Cleanup
Event: 849.014 Executing VM operation: Cleanup done
Event: 850.884 Executing VM operation: G1CollectForAllocation
Event: 850.916 Executing VM operation: G1CollectForAllocation done

Events (20 events):
Event: 850.564 loading class java/text/DontCareFieldPosition$1
Event: 850.567 loading class java/text/DontCareFieldPosition$1 done
Event: 850.567 loading class java/text/DigitList$1
Event: 850.572 loading class java/text/DigitList$1 done
Event: 850.650 loading class sun/nio/fs/WindowsChannelFactory$2
Event: 850.656 loading class sun/nio/fs/WindowsChannelFactory$2 done
Event: 850.677 loading class java/nio/channels/Channels$1
Event: 850.683 loading class java/nio/channels/Channels$1 done
Event: 850.714 loading class java/util/concurrent/ConcurrentHashMap$KeySpliterator
Event: 850.720 loading class java/util/concurrent/ConcurrentHashMap$KeySpliterator done
Event: 850.762 loading class java/util/ComparableTimSort
Event: 850.767 loading class java/util/ComparableTimSort done
Event: 850.820 loading class java/util/Vector$Itr
Event: 850.821 loading class java/util/Vector$Itr done
Event: 850.928 loading class java/io/File$TempDirectory
Event: 850.929 loading class java/io/File$TempDirectory done
Event: 850.931 loading class java/io/DeleteOnExitHook
Event: 850.933 loading class java/io/DeleteOnExitHook done
Event: 850.933 loading class java/io/DeleteOnExitHook$1
Event: 850.933 loading class java/io/DeleteOnExitHook$1 done


Dynamic libraries:
0x00007ff7cc2d0000 - 0x00007ff7cc2de000 	C:\Users\ishan\.p2\pool\plugins\org.eclipse.justj.openjdk.hotspot.jre.full.win32.x86_64_17.0.11.v20240426-1830\jre\bin\javaw.exe
0x00007fff11d30000 - 0x00007fff11f47000 	C:\WINDOWS\SYSTEM32\ntdll.dll
0x00007fff11180000 - 0x00007fff11244000 	C:\WINDOWS\System32\KERNEL32.DLL
0x00007fff0f0f0000 - 0x00007fff0f497000 	C:\WINDOWS\System32\KERNELBASE.dll
0x00007fff0f4a0000 - 0x00007fff0f5b1000 	C:\WINDOWS\System32\ucrtbase.dll
0x00007fff02750000 - 0x00007fff0276b000 	C:\Users\ishan\.p2\pool\plugins\org.eclipse.justj.openjdk.hotspot.jre.full.win32.x86_64_17.0.11.v20240426-1830\jre\bin\VCRUNTIME140.dll
0x00007fff035b0000 - 0x00007fff035c7000 	C:\Users\ishan\.p2\pool\plugins\org.eclipse.justj.openjdk.hotspot.jre.full.win32.x86_64_17.0.11.v20240426-1830\jre\bin\jli.dll
0x00007fff114e0000 - 0x00007fff1168e000 	C:\WINDOWS\System32\USER32.dll
0x00007fff0f680000 - 0x00007fff0f6a6000 	C:\WINDOWS\System32\win32u.dll
0x00007ffef9960000 - 0x00007ffef9bf3000 	C:\WINDOWS\WinSxS\amd64_microsoft.windows.common-controls_6595b64144ccf1df_6.0.22621.3527_none_270e469b73872a76\COMCTL32.dll
0x00007fff106c0000 - 0x00007fff106e9000 	C:\WINDOWS\System32\GDI32.dll
0x00007fff106f0000 - 0x00007fff10797000 	C:\WINDOWS\System32\msvcrt.dll
0x00007fff0f6b0000 - 0x00007fff0f7c9000 	C:\WINDOWS\System32\gdi32full.dll
0x00007fff0f050000 - 0x00007fff0f0ea000 	C:\WINDOWS\System32\msvcp_win.dll
0x00007fff10bb0000 - 0x00007fff10be1000 	C:\WINDOWS\System32\IMM32.DLL
0x00007fff02ac0000 - 0x00007fff02acc000 	C:\Users\ishan\.p2\pool\plugins\org.eclipse.justj.openjdk.hotspot.jre.full.win32.x86_64_17.0.11.v20240426-1830\jre\bin\vcruntime140_1.dll
0x00007ffede350000 - 0x00007ffede3dd000 	C:\Users\ishan\.p2\pool\plugins\org.eclipse.justj.openjdk.hotspot.jre.full.win32.x86_64_17.0.11.v20240426-1830\jre\bin\msvcp140.dll
0x00007ffeb9e40000 - 0x00007ffebaaa2000 	C:\Users\ishan\.p2\pool\plugins\org.eclipse.justj.openjdk.hotspot.jre.full.win32.x86_64_17.0.11.v20240426-1830\jre\bin\server\jvm.dll
0x00007fff0fc80000 - 0x00007fff0fd32000 	C:\WINDOWS\System32\ADVAPI32.dll
0x00007fff11350000 - 0x00007fff113f8000 	C:\WINDOWS\System32\sechost.dll
0x00007fff0fa30000 - 0x00007fff0fa58000 	C:\WINDOWS\System32\bcrypt.dll
0x00007fff0fb60000 - 0x00007fff0fc75000 	C:\WINDOWS\System32\RPCRT4.dll
0x00007fff02a10000 - 0x00007fff02a19000 	C:\WINDOWS\SYSTEM32\WSOCK32.dll
0x00007ffef3dc0000 - 0x00007ffef3df4000 	C:\WINDOWS\SYSTEM32\WINMM.dll
0x00007fff10c80000 - 0x00007fff10cf1000 	C:\WINDOWS\System32\WS2_32.dll
0x00007fff061d0000 - 0x00007fff061da000 	C:\WINDOWS\SYSTEM32\VERSION.dll
0x00007fff0e8b0000 - 0x00007fff0e8fd000 	C:\WINDOWS\SYSTEM32\POWRPROF.dll
0x00007fff0e890000 - 0x00007fff0e8a3000 	C:\WINDOWS\SYSTEM32\UMPDC.dll
0x00007fff0e070000 - 0x00007fff0e088000 	C:\WINDOWS\SYSTEM32\kernel.appcore.dll
0x00007ffef2950000 - 0x00007ffef295a000 	C:\Users\ishan\.p2\pool\plugins\org.eclipse.justj.openjdk.hotspot.jre.full.win32.x86_64_17.0.11.v20240426-1830\jre\bin\jimage.dll
0x00007fff06a10000 - 0x00007fff06c42000 	C:\WINDOWS\SYSTEM32\DBGHELP.DLL
0x00007fff11720000 - 0x00007fff11aa8000 	C:\WINDOWS\System32\combase.dll
0x00007fff11400000 - 0x00007fff114d7000 	C:\WINDOWS\System32\OLEAUT32.dll
0x00007fff04180000 - 0x00007fff041b2000 	C:\WINDOWS\SYSTEM32\dbgcore.DLL
0x00007fff0f840000 - 0x00007fff0f8b9000 	C:\WINDOWS\System32\bcryptPrimitives.dll
0x00007ffef2920000 - 0x00007ffef2945000 	C:\Users\ishan\.p2\pool\plugins\org.eclipse.justj.openjdk.hotspot.jre.full.win32.x86_64_17.0.11.v20240426-1830\jre\bin\java.dll
0x00007ffef0e50000 - 0x00007ffef0e68000 	C:\Users\ishan\.p2\pool\plugins\org.eclipse.justj.openjdk.hotspot.jre.full.win32.x86_64_17.0.11.v20240426-1830\jre\bin\zip.dll
0x00007fff0fe50000 - 0x00007fff106ac000 	C:\WINDOWS\System32\SHELL32.dll
0x00007fff0cf90000 - 0x00007fff0d886000 	C:\WINDOWS\SYSTEM32\windows.storage.dll
0x00007fff0ce50000 - 0x00007fff0cf8e000 	C:\WINDOWS\SYSTEM32\wintypes.dll
0x00007fff0fd40000 - 0x00007fff0fe35000 	C:\WINDOWS\System32\SHCORE.dll
0x00007fff10980000 - 0x00007fff109de000 	C:\WINDOWS\System32\shlwapi.dll
0x00007fff0ef80000 - 0x00007fff0efa1000 	C:\WINDOWS\SYSTEM32\profapi.dll
0x00007ffef0e30000 - 0x00007ffef0e49000 	C:\Users\ishan\.p2\pool\plugins\org.eclipse.justj.openjdk.hotspot.jre.full.win32.x86_64_17.0.11.v20240426-1830\jre\bin\net.dll
0x00007fff068d0000 - 0x00007fff06a06000 	C:\WINDOWS\SYSTEM32\WINHTTP.dll
0x00007fff0e4e0000 - 0x00007fff0e549000 	C:\WINDOWS\system32\mswsock.dll
0x00007ffef0e10000 - 0x00007ffef0e26000 	C:\Users\ishan\.p2\pool\plugins\org.eclipse.justj.openjdk.hotspot.jre.full.win32.x86_64_17.0.11.v20240426-1830\jre\bin\nio.dll
0x00007fff0db60000 - 0x00007fff0dc58000 	C:\WINDOWS\SYSTEM32\DNSAPI.dll
0x00007fff0daf0000 - 0x00007fff0db1d000 	C:\WINDOWS\SYSTEM32\IPHLPAPI.DLL
0x00007fff0fe40000 - 0x00007fff0fe49000 	C:\WINDOWS\System32\NSI.dll
0x00007fff05ef0000 - 0x00007fff05efa000 	C:\Windows\System32\rasadhlp.dll
0x00007fff05e50000 - 0x00007fff05ed3000 	C:\WINDOWS\System32\fwpuclnt.dll
0x00007fff074e0000 - 0x00007fff074e9000 	C:\Users\ishan\.p2\pool\plugins\org.eclipse.justj.openjdk.hotspot.jre.full.win32.x86_64_17.0.11.v20240426-1830\jre\bin\extnet.dll
0x00007fff0e7b0000 - 0x00007fff0e7cb000 	C:\WINDOWS\SYSTEM32\CRYPTSP.dll
0x00007fff0dfd0000 - 0x00007fff0e005000 	C:\WINDOWS\system32\rsaenh.dll
0x00007fff0e650000 - 0x00007fff0e678000 	C:\WINDOWS\SYSTEM32\USERENV.dll
0x00007fff0e7d0000 - 0x00007fff0e7dc000 	C:\WINDOWS\SYSTEM32\CRYPTBASE.dll
0x00007fff06440000 - 0x00007fff06459000 	C:\WINDOWS\SYSTEM32\dhcpcsvc6.DLL
0x00007fff06420000 - 0x00007fff0643f000 	C:\WINDOWS\SYSTEM32\dhcpcsvc.DLL
0x00007fff055f0000 - 0x00007fff055fe000 	C:\Users\ishan\.p2\pool\plugins\org.eclipse.justj.openjdk.hotspot.jre.full.win32.x86_64_17.0.11.v20240426-1830\jre\bin\sunmscapi.dll
0x00007fff0f8c0000 - 0x00007fff0fa28000 	C:\WINDOWS\System32\CRYPT32.dll
0x00007fff0e9f0000 - 0x00007fff0ea1e000 	C:\WINDOWS\SYSTEM32\ncrypt.dll
0x00007fff0e9b0000 - 0x00007fff0e9e7000 	C:\WINDOWS\SYSTEM32\NTASN1.dll
0x00007ffee4f20000 - 0x00007ffee4f28000 	C:\WINDOWS\system32\wshunix.dll
0x00007ffef1610000 - 0x00007ffef1627000 	C:\WINDOWS\system32\napinsp.dll
0x00007ffef14e0000 - 0x00007ffef14fb000 	C:\WINDOWS\system32\pnrpnsp.dll
0x00007ffef14c0000 - 0x00007ffef14d1000 	C:\WINDOWS\System32\winrnr.dll
0x00007ffef14a0000 - 0x00007ffef14b5000 	C:\WINDOWS\system32\wshbth.dll
0x00007ffef46c0000 - 0x00007ffef46e7000 	C:\WINDOWS\system32\nlansp_c.dll

dbghelp: loaded successfully - version: 4.0.5 - missing functions: none
symbol engine: initialized successfully - sym options: 0x614 - pdb path: .;C:\Users\ishan\.p2\pool\plugins\org.eclipse.justj.openjdk.hotspot.jre.full.win32.x86_64_17.0.11.v20240426-1830\jre\bin;C:\WINDOWS\SYSTEM32;C:\WINDOWS\WinSxS\amd64_microsoft.windows.common-controls_6595b64144ccf1df_6.0.22621.3527_none_270e469b73872a76;C:\Users\ishan\.p2\pool\plugins\org.eclipse.justj.openjdk.hotspot.jre.full.win32.x86_64_17.0.11.v20240426-1830\jre\bin\server

VM Arguments:
jvm_args: -ea -Dfile.encoding=UTF-8 -Dstdout.encoding=UTF-8 -Dstderr.encoding=UTF-8 -XX:+ShowCodeDetailsInExceptionMessages 
java_command: org.testng.remote.RemoteTestNG -serport 55042 -protocol json -d C:\Users\ishan\eclipse-workspace\Grotechminds\JavaTestNg\test-output C:\Users\ishan\eclipse-workspace\Grotechminds\JavaTestNg\amazon parallel browsing.xml
java_class_path (initial): C:\Users\ishan\eclipse\java-2024-03\eclipse\configuration\org.eclipse.osgi\525\0\.cp\lib\testng-remote.jar;C:\Users\ishan\eclipse-workspace\Grotechminds\JavaTestNg\bin;C:\Users\Shekhar\jars\selenium jars\selenium-server-4.21.0.jar;C:\Users\Shekhar\jars\poi jars\batik-anim-1.14.jar;C:\Users\Shekhar\jars\poi jars\batik-awt-util-1.14.jar;C:\Users\Shekhar\jars\poi jars\batik-bridge-1.14.jar;C:\Users\Shekhar\jars\poi jars\batik-codec-1.14.jar;C:\Users\Shekhar\jars\poi jars\batik-constants-1.14.jar;C:\Users\Shekhar\jars\poi jars\batik-css-1.14.jar;C:\Users\Shekhar\jars\poi jars\batik-dom-1.14.jar;C:\Users\Shekhar\jars\poi jars\batik-ext-1.14.jar;C:\Users\Shekhar\jars\poi jars\batik-gvt-1.14.jar;C:\Users\Shekhar\jars\poi jars\batik-i18n-1.14.jar;C:\Users\Shekhar\jars\poi jars\batik-parser-1.14.jar;C:\Users\Shekhar\jars\poi jars\batik-script-1.14.jar;C:\Users\Shekhar\jars\poi jars\batik-shared-resources-1.14.jar;C:\Users\Shekhar\jars\poi jars\batik-svg-dom-1.14.jar;C:\Users\Shekhar\jars\poi jars\batik-svggen-1.14.jar;C:\Users\Shekhar\jars\poi jars\batik-svgrasterizer-1.14.jar;C:\Users\Shekhar\jars\poi jars\batik-transcoder-1.14.jar;C:\Users\Shekhar\jars\poi jars\batik-util-1.14.jar;C:\Users\Shekhar\jars\poi jars\batik-xml-1.14.jar;C:\Users\Shekhar\jars\poi jars\bcpkix-jdk15on-1.70.jar;C:\Users\Shekhar\jars\poi jars\bcprov-jdk15on-1.70.jar;C:\Users\Shekhar\jars\poi jars\bcutil-jdk15on-1.70.jar;C:\Users\Shekhar\jars\poi jars\commons-codec-1.15.jar;C:\Users\Shekhar\jars\poi jars\commons-collections4-4.4.jar;C:\Users\Shekhar\jars\poi jars\commons-compress-1.21.jar;C:\Users\Shekhar\jars\poi jars\commons-io-2.11.0.jar;C:\Users\Shekhar\jars\poi jars\commons-logging-1.2.jar;C:\Users\Shekhar\jars\poi jars\commons-math3-3.6.1.jar;C:\Users\Shekhar\jars\poi jars\curvesapi-1.07.jar;C:\Users\Shekhar\jars\poi jars\fontbox-2.0.26.jar;C:\Users\Shekhar\jars\poi jars\graphics2d-0.40.jar;C:\Users\Shekhar\jars\poi jars\jakarta.activation-2.0.1.jar;C:\Users\Shekhar\j
Launcher Type: SUN_STANDARD

[Global flags]
     intx CICompilerCount                          = 4                                         {product} {ergonomic}
     uint ConcGCThreads                            = 2                                         {product} {ergonomic}
     uint G1ConcRefinementThreads                  = 8                                         {product} {ergonomic}
   size_t G1HeapRegionSize                         = 1048576                                   {product} {ergonomic}
    uintx GCDrainStackTargetSize                   = 64                                        {product} {ergonomic}
   size_t InitialHeapSize                          = 132120576                                 {product} {ergonomic}
   size_t MarkStackSize                            = 4194304                                   {product} {ergonomic}
   size_t MaxHeapSize                              = 2103443456                                {product} {ergonomic}
   size_t MaxNewSize                               = 1261436928                                {product} {ergonomic}
   size_t MinHeapDeltaBytes                        = 1048576                                   {product} {ergonomic}
   size_t MinHeapSize                              = 8388608                                   {product} {ergonomic}
    uintx NonNMethodCodeHeapSize                   = 5839372                                {pd product} {ergonomic}
    uintx NonProfiledCodeHeapSize                  = 122909434                              {pd product} {ergonomic}
    uintx ProfiledCodeHeapSize                     = 122909434                              {pd product} {ergonomic}
    uintx ReservedCodeCacheSize                    = 251658240                              {pd product} {ergonomic}
     bool SegmentedCodeCache                       = true                                      {product} {ergonomic}
     bool ShowCodeDetailsInExceptionMessages       = true                                   {manageable} {command line}
   size_t SoftMaxHeapSize                          = 2103443456                             {manageable} {ergonomic}
     bool UseCompressedClassPointers               = true                           {product lp64_product} {ergonomic}
     bool UseCompressedOops                        = true                           {product lp64_product} {ergonomic}
     bool UseG1GC                                  = true                                      {product} {ergonomic}
     bool UseLargePagesIndividualAllocation        = false                                  {pd product} {ergonomic}

Logging:
Log output configuration:
 #0: stdout all=warning uptime,level,tags
 #1: stderr all=off uptime,level,tags

Environment Variables:
PATH=C:/Users/ishan/.p2/pool/plugins/org.eclipse.justj.openjdk.hotspot.jre.full.win32.x86_64_17.0.11.v20240426-1830/jre/bin/server;C:/Users/ishan/.p2/pool/plugins/org.eclipse.justj.openjdk.hotspot.jre.full.win32.x86_64_17.0.11.v20240426-1830/jre/bin;C:\Program Files (x86)\Common Files\Oracle\Java\javapath;C:\Windows\system32;C:\Windows;C:\Windows\System32\Wbem;C:\Windows\System32\WindowsPowerShell\v1.0\;C:\Windows\System32\OpenSSH\;C:\Program Files (x86)\NVIDIA Corporation\PhysX\Common;C:\Program Files\NVIDIA Corporation\NVIDIA NvDLISR;C:\WINDOWS\system32;C:\WINDOWS;C:\WINDOWS\System32\Wbem;C:\WINDOWS\System32\WindowsPowerShell\v1.0\;C:\WINDOWS\System32\OpenSSH\;C:\Program Files\Git\cmd;C:\Users\ishan\AppData\Local\Microsoft\WindowsApps;;C:\WINDOWS\System32;
USERNAME=ishan
OS=Windows_NT
PROCESSOR_IDENTIFIER=Intel64 Family 6 Model 142 Stepping 12, GenuineIntel
TMP=C:\Users\ishan\AppData\Local\Temp
TEMP=C:\Users\ishan\AppData\Local\Temp



Periodic native trim disabled


---------------  S Y S T E M  ---------------

OS:
 Windows 11 , 64 bit Build 22621 (10.0.22621.3527)
OS uptime: 7 days 20:10 hours

CPU: total 8 (initial active 8) (4 cores per cpu, 2 threads per core) family 6 model 142 stepping 12 microcode 0xde, cx8, cmov, fxsr, ht, mmx, 3dnowpref, sse, sse2, sse3, ssse3, sse4.1, sse4.2, popcnt, lzcnt, tsc, tscinvbit, avx, avx2, aes, erms, clmul, bmi1, bmi2, adx, fma, vzeroupper, clflush, clflushopt
Processor Information for processor 0
  Max Mhz: 2112, Current Mhz: 1609, Mhz Limit: 1605
Processor Information for processor 1
  Max Mhz: 2112, Current Mhz: 1609, Mhz Limit: 1605
Processor Information for processor 2
  Max Mhz: 2112, Current Mhz: 1508, Mhz Limit: 1605
Processor Information for processor 3
  Max Mhz: 2112, Current Mhz: 1508, Mhz Limit: 1605
Processor Information for processor 4
  Max Mhz: 2112, Current Mhz: 1609, Mhz Limit: 1605
Processor Information for processor 5
  Max Mhz: 2112, Current Mhz: 1609, Mhz Limit: 1605
Processor Information for processor 6
  Max Mhz: 2112, Current Mhz: 1609, Mhz Limit: 1605
Processor Information for processor 7
  Max Mhz: 2112, Current Mhz: 1609, Mhz Limit: 1605

Memory: 4k page, system-wide physical 8022M (307M free)
TotalPageFile size 26772M (AvailPageFile size 1M)
current process WorkingSet (physical memory assigned to process): 91M, peak: 131M
current process commit charge ("private bytes"): 197M, peak: 249M

vm_info: OpenJDK 64-Bit Server VM (17.0.11+9) for windows-amd64 JRE (17.0.11+9), built on Apr 17 2024 06:07:48 by "admin" with MS VC++ 16.10 / 16.11 (VS2019)

END.
